[INFO  Fri 13 Oct 2023 11:56:05 SAST] ...e/nvim/lazy/mason.nvim/lua/mason-core/installer/init.lua:184: Executing installer for Package(name=lua-language-server) {}
[INFO  Fri 13 Oct 2023 11:56:07 SAST] ...e/nvim/lazy/mason.nvim/lua/mason-core/installer/init.lua:245: Installation succeeded for Package(name=lua-language-server)
[INFO  Fri 20 Oct 2023 11:04:12 SAST] ...e/nvim/lazy/mason.nvim/lua/mason-core/installer/init.lua:184: Executing installer for Package(name=pyright) {}
[ERROR Fri 20 Oct 2023 11:04:12 SAST] ...e/nvim/lazy/mason.nvim/lua/mason-core/installer/init.lua:249: Installation failed for Package(name=pyright) error=spawn: npm failed with exit code - and signal -. npm is not executable
[INFO  Fri 20 Oct 2023 11:06:11 SAST] ...e/nvim/lazy/mason.nvim/lua/mason-core/installer/init.lua:184: Executing installer for Package(name=pyright) {}
[INFO  Fri 20 Oct 2023 11:06:23 SAST] ...e/nvim/lazy/mason.nvim/lua/mason-core/installer/init.lua:245: Installation succeeded for Package(name=pyright)
[INFO  Fri 20 Oct 2023 11:29:52 SAST] ...e/nvim/lazy/mason.nvim/lua/mason-core/installer/init.lua:184: Executing installer for Package(name=lua-language-server) {}
[INFO  Fri 20 Oct 2023 11:29:55 SAST] ...e/nvim/lazy/mason.nvim/lua/mason-core/installer/init.lua:245: Installation succeeded for Package(name=lua-language-server)
[INFO  Fri 20 Oct 2023 11:32:00 SAST] ...e/nvim/lazy/mason.nvim/lua/mason-core/installer/init.lua:184: Executing installer for Package(name=lua-language-server) {}
[INFO  Fri 20 Oct 2023 11:32:02 SAST] ...e/nvim/lazy/mason.nvim/lua/mason-core/installer/init.lua:245: Installation succeeded for Package(name=lua-language-server)
[INFO  Fri 20 Oct 2023 11:33:02 SAST] ...e/nvim/lazy/mason.nvim/lua/mason-core/installer/init.lua:184: Executing installer for Package(name=lua-language-server) {}
[INFO  Fri 20 Oct 2023 11:33:04 SAST] ...e/nvim/lazy/mason.nvim/lua/mason-core/installer/init.lua:245: Installation succeeded for Package(name=lua-language-server)
[INFO  Fri 20 Oct 2023 11:37:32 SAST] ...e/nvim/lazy/mason.nvim/lua/mason-core/installer/init.lua:184: Executing installer for Package(name=lua-language-server) {}
[INFO  Fri 20 Oct 2023 11:37:45 SAST] ...e/nvim/lazy/mason.nvim/lua/mason-core/installer/init.lua:245: Installation succeeded for Package(name=lua-language-server)
[INFO  Fri 20 Oct 2023 11:41:32 SAST] ...e/nvim/lazy/mason.nvim/lua/mason-core/installer/init.lua:184: Executing installer for Package(name=lua-language-server) {}
[ERROR Fri 20 Oct 2023 11:41:40 SAST] ...zy/mason.nvim/lua/mason-core/installer/registry/init.lua:185: Failed to download schemas Package(name=lua-language-server) Schema download timed out.
[INFO  Fri 20 Oct 2023 11:41:40 SAST] ...e/nvim/lazy/mason.nvim/lua/mason-core/installer/init.lua:245: Installation succeeded for Package(name=lua-language-server)
[INFO  Fri 20 Oct 2023 11:44:05 SAST] ...e/nvim/lazy/mason.nvim/lua/mason-core/installer/init.lua:184: Executing installer for Package(name=lua-language-server) {}
[ERROR Fri 20 Oct 2023 11:44:17 SAST] ...zy/mason.nvim/lua/mason-core/installer/registry/init.lua:185: Failed to download schemas Package(name=lua-language-server) Schema download timed out.
[INFO  Fri 20 Oct 2023 11:44:17 SAST] ...e/nvim/lazy/mason.nvim/lua/mason-core/installer/init.lua:245: Installation succeeded for Package(name=lua-language-server)
[INFO  Fri 20 Oct 2023 11:44:53 SAST] ...e/nvim/lazy/mason.nvim/lua/mason-core/installer/init.lua:184: Executing installer for Package(name=lua-language-server) {}
[INFO  Fri 20 Oct 2023 11:44:55 SAST] ...e/nvim/lazy/mason.nvim/lua/mason-core/installer/init.lua:245: Installation succeeded for Package(name=lua-language-server)
[INFO  Fri 20 Oct 2023 11:48:39 SAST] ...e/nvim/lazy/mason.nvim/lua/mason-core/installer/init.lua:184: Executing installer for Package(name=lua-language-server) {}
[INFO  Fri 20 Oct 2023 11:48:41 SAST] ...e/nvim/lazy/mason.nvim/lua/mason-core/installer/init.lua:245: Installation succeeded for Package(name=lua-language-server)
[INFO  Fri 20 Oct 2023 11:49:37 SAST] ...e/nvim/lazy/mason.nvim/lua/mason-core/installer/init.lua:184: Executing installer for Package(name=lua-language-server) {}
[INFO  Fri 20 Oct 2023 11:49:39 SAST] ...e/nvim/lazy/mason.nvim/lua/mason-core/installer/init.lua:245: Installation succeeded for Package(name=lua-language-server)
[INFO  Fri 20 Oct 2023 11:54:04 SAST] ...e/nvim/lazy/mason.nvim/lua/mason-core/installer/init.lua:184: Executing installer for Package(name=lua-language-server) {}
[INFO  Fri 20 Oct 2023 11:54:06 SAST] ...e/nvim/lazy/mason.nvim/lua/mason-core/installer/init.lua:245: Installation succeeded for Package(name=lua-language-server)
[INFO  Fri 20 Oct 2023 12:20:11 SAST] ...e/nvim/lazy/mason.nvim/lua/mason-core/installer/init.lua:184: Executing installer for Package(name=lua-language-server) {}
[INFO  Fri 20 Oct 2023 12:20:24 SAST] ...e/nvim/lazy/mason.nvim/lua/mason-core/installer/init.lua:245: Installation succeeded for Package(name=lua-language-server)
[INFO  Fri 20 Oct 2023 15:03:03 SAST] ...e/nvim/lazy/mason.nvim/lua/mason-core/installer/init.lua:184: Executing installer for Package(name=lua-language-server) {}
[INFO  Fri 20 Oct 2023 15:03:11 SAST] ...e/nvim/lazy/mason.nvim/lua/mason-core/installer/init.lua:245: Installation succeeded for Package(name=lua-language-server)
[INFO  Fri 20 Oct 2023 15:29:57 SAST] ...e/nvim/lazy/mason.nvim/lua/mason-core/installer/init.lua:184: Executing installer for Package(name=lua-language-server) {}
[INFO  Fri 20 Oct 2023 15:29:59 SAST] ...e/nvim/lazy/mason.nvim/lua/mason-core/installer/init.lua:245: Installation succeeded for Package(name=lua-language-server)
[INFO  Fri 20 Oct 2023 15:37:06 SAST] ...e/nvim/lazy/mason.nvim/lua/mason-core/installer/init.lua:184: Executing installer for Package(name=actionlint) {}
[INFO  Fri 20 Oct 2023 15:37:13 SAST] ...e/nvim/lazy/mason.nvim/lua/mason-core/installer/init.lua:245: Installation succeeded for Package(name=actionlint)
[INFO  Fri 20 Oct 2023 15:37:15 SAST] ...e/nvim/lazy/mason.nvim/lua/mason-core/installer/init.lua:184: Executing installer for Package(name=black) {}
[INFO  Fri 20 Oct 2023 15:37:22 SAST] ...e/nvim/lazy/mason.nvim/lua/mason-core/installer/init.lua:245: Installation succeeded for Package(name=black)
[INFO  Fri 20 Oct 2023 15:37:58 SAST] ...e/nvim/lazy/mason.nvim/lua/mason-core/installer/init.lua:184: Executing installer for Package(name=java-debug-adapter) {}
[ERROR Fri 20 Oct 2023 15:38:00 SAST] ...e/nvim/lazy/mason.nvim/lua/mason-core/installer/init.lua:249: Installation failed for Package(name=java-debug-adapter) error=spawn: unzip failed with exit code - and signal -. unzip is not executable
[INFO  Fri 20 Oct 2023 15:38:01 SAST] ...e/nvim/lazy/mason.nvim/lua/mason-core/installer/init.lua:184: Executing installer for Package(name=java-language-server) {}
[INFO  Fri 20 Oct 2023 15:38:03 SAST] ...e/nvim/lazy/mason.nvim/lua/mason-core/installer/init.lua:184: Executing installer for Package(name=java-test) {}
[ERROR Fri 20 Oct 2023 15:38:05 SAST] ...e/nvim/lazy/mason.nvim/lua/mason-core/installer/init.lua:249: Installation failed for Package(name=java-language-server) error=spawn: bash failed with exit code 127 and signal 0. 
[ERROR Fri 20 Oct 2023 15:38:09 SAST] ...e/nvim/lazy/mason.nvim/lua/mason-core/installer/init.lua:249: Installation failed for Package(name=java-test) error=spawn: unzip failed with exit code - and signal -. unzip is not executable
[INFO  Fri 20 Oct 2023 15:38:17 SAST] ...e/nvim/lazy/mason.nvim/lua/mason-core/installer/init.lua:184: Executing installer for Package(name=pylint) {}
[INFO  Fri 20 Oct 2023 15:38:25 SAST] ...e/nvim/lazy/mason.nvim/lua/mason-core/installer/init.lua:245: Installation succeeded for Package(name=pylint)
[INFO  Fri 20 Oct 2023 15:39:22 SAST] ...e/nvim/lazy/mason.nvim/lua/mason-core/installer/init.lua:184: Executing installer for Package(name=java-test) {}
[ERROR Fri 20 Oct 2023 15:39:23 SAST] ...e/nvim/lazy/mason.nvim/lua/mason-core/installer/init.lua:249: Installation failed for Package(name=java-test) error=spawn: unzip failed with exit code - and signal -. unzip is not executable
[INFO  Fri 20 Oct 2023 15:39:24 SAST] ...e/nvim/lazy/mason.nvim/lua/mason-core/installer/init.lua:184: Executing installer for Package(name=java-test) {}
[ERROR Fri 20 Oct 2023 15:39:25 SAST] ...e/nvim/lazy/mason.nvim/lua/mason-core/installer/init.lua:249: Installation failed for Package(name=java-test) error=spawn: unzip failed with exit code - and signal -. unzip is not executable
[INFO  Fri 20 Oct 2023 15:40:14 SAST] ...e/nvim/lazy/mason.nvim/lua/mason-core/installer/init.lua:184: Executing installer for Package(name=debugpy) {}
[INFO  Fri 20 Oct 2023 15:40:21 SAST] ...e/nvim/lazy/mason.nvim/lua/mason-core/installer/init.lua:245: Installation succeeded for Package(name=debugpy)
[INFO  Fri 20 Oct 2023 15:41:10 SAST] ...e/nvim/lazy/mason.nvim/lua/mason-core/installer/init.lua:184: Executing installer for Package(name=bash-language-server) {}
[INFO  Fri 20 Oct 2023 15:41:22 SAST] ...e/nvim/lazy/mason.nvim/lua/mason-core/installer/init.lua:245: Installation succeeded for Package(name=bash-language-server)
[INFO  Fri 20 Oct 2023 15:41:28 SAST] ...e/nvim/lazy/mason.nvim/lua/mason-core/installer/init.lua:184: Executing installer for Package(name=java-language-server) {}
[ERROR Fri 20 Oct 2023 15:41:32 SAST] ...e/nvim/lazy/mason.nvim/lua/mason-core/installer/init.lua:249: Installation failed for Package(name=java-language-server) error=spawn: bash failed with exit code 127 and signal 0. 
[INFO  Fri 20 Oct 2023 15:41:34 SAST] ...e/nvim/lazy/mason.nvim/lua/mason-core/installer/init.lua:184: Executing installer for Package(name=json-lsp) {}
[INFO  Fri 20 Oct 2023 15:41:51 SAST] ...e/nvim/lazy/mason.nvim/lua/mason-core/installer/init.lua:245: Installation succeeded for Package(name=json-lsp)
[INFO  Fri 20 Oct 2023 15:42:08 SAST] ...e/nvim/lazy/mason.nvim/lua/mason-core/installer/init.lua:184: Executing installer for Package(name=java-test) {}
[INFO  Fri 20 Oct 2023 15:42:09 SAST] ...e/nvim/lazy/mason.nvim/lua/mason-core/installer/init.lua:245: Installation succeeded for Package(name=java-test)
[INFO  Fri 20 Oct 2023 15:42:11 SAST] ...e/nvim/lazy/mason.nvim/lua/mason-core/installer/init.lua:184: Executing installer for Package(name=java-debug-adapter) {}
[INFO  Fri 20 Oct 2023 15:42:12 SAST] ...e/nvim/lazy/mason.nvim/lua/mason-core/installer/init.lua:245: Installation succeeded for Package(name=java-debug-adapter)
[INFO  Fri 20 Oct 2023 15:42:25 SAST] ...e/nvim/lazy/mason.nvim/lua/mason-core/installer/init.lua:184: Executing installer for Package(name=java-language-server) {}
[ERROR Fri 20 Oct 2023 15:42:28 SAST] ...e/nvim/lazy/mason.nvim/lua/mason-core/installer/init.lua:249: Installation failed for Package(name=java-language-server) error=spawn: bash failed with exit code 127 and signal 0. 
[INFO  Fri 20 Oct 2023 16:48:54 SAST] ...e/nvim/lazy/mason.nvim/lua/mason-core/installer/init.lua:184: Executing installer for Package(name=java-language-server) {}
[ERROR Fri 20 Oct 2023 16:48:58 SAST] ...e/nvim/lazy/mason.nvim/lua/mason-core/installer/init.lua:249: Installation failed for Package(name=java-language-server) error=spawn: bash failed with exit code 127 and signal 0. 
[INFO  Fri 20 Oct 2023 17:04:24 SAST] ...e/nvim/lazy/mason.nvim/lua/mason-core/installer/init.lua:184: Executing installer for Package(name=java-language-server) {}
[ERROR Fri 20 Oct 2023 17:04:35 SAST] ...e/nvim/lazy/mason.nvim/lua/mason-core/installer/init.lua:249: Installation failed for Package(name=java-language-server) error=spawn: bash failed with exit code 127 and signal 0. 
[INFO  Fri 20 Oct 2023 17:10:27 SAST] ...e/nvim/lazy/mason.nvim/lua/mason-core/installer/init.lua:184: Executing installer for Package(name=jdtls) {}
[INFO  Fri 20 Oct 2023 17:10:46 SAST] ...e/nvim/lazy/mason.nvim/lua/mason-core/installer/init.lua:245: Installation succeeded for Package(name=jdtls)
[INFO  Fri 20 Oct 2023 17:40:23 SAST] ...e/nvim/lazy/mason.nvim/lua/mason-core/installer/init.lua:184: Executing installer for Package(name=lua-language-server) {}
[INFO  Fri 20 Oct 2023 17:40:27 SAST] ...e/nvim/lazy/mason.nvim/lua/mason-core/installer/init.lua:245: Installation succeeded for Package(name=lua-language-server)
[INFO  Fri 20 Oct 2023 17:41:02 SAST] ...e/nvim/lazy/mason.nvim/lua/mason-core/installer/init.lua:184: Executing installer for Package(name=asm-lsp) {}
[ERROR Fri 20 Oct 2023 17:41:02 SAST] ...e/nvim/lazy/mason.nvim/lua/mason-core/installer/init.lua:249: Installation failed for Package(name=asm-lsp) error=spawn: cargo failed with exit code - and signal -. cargo is not executable
[INFO  Fri 20 Oct 2023 22:52:44 SAST] ...e/nvim/lazy/mason.nvim/lua/mason-core/installer/init.lua:184: Executing installer for Package(name=json-lsp) {}
[INFO  Fri 20 Oct 2023 22:52:46 SAST] ...e/nvim/lazy/mason.nvim/lua/mason-core/installer/init.lua:184: Executing installer for Package(name=jdtls) {}
[INFO  Fri 20 Oct 2023 22:53:18 SAST] ...e/nvim/lazy/mason.nvim/lua/mason-core/installer/init.lua:245: Installation succeeded for Package(name=jdtls)
[INFO  Fri 20 Oct 2023 22:53:34 SAST] ...e/nvim/lazy/mason.nvim/lua/mason-core/installer/init.lua:245: Installation succeeded for Package(name=json-lsp)
