[13:32:22.642][info] [#0:/home/themule/mynvimconfig/nvim-share/nvim/mason/packages/lua-language-server/libexec/main.lua:66]: Lua Lsp startup, root: 	/home/themule/mynvimconfig/nvim-share/nvim/mason/packages/lua-language-server/libexec
[13:32:22.642][info] [#0:/home/themule/mynvimconfig/nvim-share/nvim/mason/packages/lua-language-server/libexec/main.lua:67]: ROOT:	/home/themule/mynvimconfig/nvim-share/nvim/mason/packages/lua-language-server/libexec
[13:32:22.642][info] [#0:/home/themule/mynvimconfig/nvim-share/nvim/mason/packages/lua-language-server/libexec/main.lua:68]: LOGPATH:	/home/themule/mynvimconfig/nvim-share/nvim/mason/packages/lua-language-server/libexec/log
[13:32:22.642][info] [#0:/home/themule/mynvimconfig/nvim-share/nvim/mason/packages/lua-language-server/libexec/main.lua:69]: METAPATH:	/home/themule/mynvimconfig/nvim-share/nvim/mason/packages/lua-language-server/libexec/meta
[13:32:22.642][info] [#0:/home/themule/mynvimconfig/nvim-share/nvim/mason/packages/lua-language-server/libexec/main.lua:70]: VERSION:	3.7.0
[13:32:22.706][info] [#0:script/service/service.lua:144]: 
========= Medical Examination Report =========
    --------------- Memory ---------------
        Total: 2.142 MB
        # 00 : 2.141 MB
        # 01 : 0.000 MB
        # 02 : 0.000 MB
        # 03 : 0.000 MB
        # 04 : 0.000 MB
    --------------- Coroutine ---------------
        Total:     0
        Running:   0
        Suspended: 0
        Normal:    0
        Dead:      0
    --------------- Cache ---------------
        Total: 1
        Dead:  0
    ---------------  RPC  ---------------
        Holdon:   0
        Waiting:  0
==============================================
[13:32:22.715][info] [#0:script/client.lua:657]: Client init	{
  capabilities = {
    textDocument = {
      callHierarchy = {
        dynamicRegistration = false
      },
      codeAction = {
        codeActionLiteralSupport = {
          codeActionKind = {
            valueSet = { "", "quickfix", "refactor", "refactor.extract", "refactor.inline", "refactor.rewrite", "source", "source.organizeImports" }
          }
        },
        dataSupport = true,
        dynamicRegistration = false,
        isPreferredSupport = true,
        resolveSupport = {
          properties = { "edit" }
        }
      },
      completion = {
        completionItem = {
          commitCharactersSupport = true,
          deprecatedSupport = true,
          documentationFormat = { "markdown", "plaintext" },
          insertReplaceSupport = true,
          labelDetailsSupport = true,
          preselectSupport = true,
          resolveSupport = {
            properties = { "documentation", "detail", "additionalTextEdits" }
          },
          snippetSupport = true,
          tagSupport = {
            valueSet = { 1 }
          }
        },
        completionItemKind = {
          valueSet = { 1, 2, 3, 4, 5, 6, 7, 8, 9, 10, 11, 12, 13, 14, 15, 16, 17, 18, 19, 20, 21, 22, 23, 24, 25 }
        },
        contextSupport = false,
        dynamicRegistration = false
      },
      declaration = {
        linkSupport = true
      },
      definition = {
        linkSupport = true
      },
      documentHighlight = {
        dynamicRegistration = false
      },
      documentSymbol = {
        dynamicRegistration = false,
        hierarchicalDocumentSymbolSupport = true,
        symbolKind = {
          valueSet = { 1, 2, 3, 4, 5, 6, 7, 8, 9, 10, 11, 12, 13, 14, 15, 16, 17, 18, 19, 20, 21, 22, 23, 24, 25, 26 }
        }
      },
      hover = {
        contentFormat = { "markdown", "plaintext" },
        dynamicRegistration = false
      },
      implementation = {
        linkSupport = true
      },
      publishDiagnostics = {
        relatedInformation = true,
        tagSupport = {
          valueSet = { 1, 2 }
        }
      },
      references = {
        dynamicRegistration = false
      },
      rename = {
        dynamicRegistration = false,
        prepareSupport = true
      },
      semanticTokens = {
        augmentsSyntaxTokens = true,
        dynamicRegistration = false,
        formats = { "relative" },
        multilineTokenSupport = false,
        overlappingTokenSupport = true,
        requests = {
          full = {
            delta = true
          },
          range = false
        },
        serverCancelSupport = false,
        tokenModifiers = { "declaration", "definition", "readonly", "static", "deprecated", "abstract", "async", "modification", "documentation", "defaultLibrary" },
        tokenTypes = { "namespace", "type", "class", "enum", "interface", "struct", "typeParameter", "parameter", "variable", "property", "enumMember", "event", "function", "method", "macro", "keyword", "modifier", "comment", "string", "number", "regexp", "operator", "decorator" }
      },
      signatureHelp = {
        dynamicRegistration = false,
        signatureInformation = {
          activeParameterSupport = true,
          documentationFormat = { "markdown", "plaintext" },
          parameterInformation = {
            labelOffsetSupport = true
          }
        }
      },
      synchronization = {
        didSave = true,
        dynamicRegistration = false,
        willSave = true,
        willSaveWaitUntil = true
      },
      typeDefinition = {
        linkSupport = true
      }
    },
    window = {
      showDocument = {
        support = true
      },
      showMessage = {
        messageActionItem = {
          additionalPropertiesSupport = false
        }
      },
      workDoneProgress = true
    },
    workspace = {
      applyEdit = true,
      configuration = true,
      didChangeWatchedFiles = {
        dynamicRegistration = false,
        relativePatternSupport = true
      },
      semanticTokens = {
        refreshSupport = true
      },
      symbol = {
        dynamicRegistration = false,
        hierarchicalWorkspaceSymbolSupport = true,
        symbolKind = {
          valueSet = { 1, 2, 3, 4, 5, 6, 7, 8, 9, 10, 11, 12, 13, 14, 15, 16, 17, 18, 19, 20, 21, 22, 23, 24, 25, 26 }
        }
      },
      workspaceEdit = {
        resourceOperations = { "rename", "create", "delete" }
      },
      workspaceFolders = true
    }
  },
  clientInfo = {
    name = "Neovim",
    version = "0.9.4"
  },
  initializationOptions = {},
  processId = 15316,
  rootPath = "/home/themule/mynvimconfig/nvim-config/nvim",
  rootUri = "file:///home/themule/mynvimconfig/nvim-config/nvim",
  trace = "off",
  workspaceFolders = { {
      name = "/home/themule/mynvimconfig/nvim-config/nvim",
      uri = "file:///home/themule/mynvimconfig/nvim-config/nvim"
    } }
}
[13:32:22.715][info] [#0:script/language.lua:137]: VSC language: nil
[13:32:22.715][info] [#0:script/language.lua:138]: LS  language: en-us
[13:32:22.715][info] [#0:script/workspace/workspace.lua:38]: Workspace init root: 	file:///home/themule/mynvimconfig/nvim-config/nvim
[13:32:22.715][info] [#0:script/workspace/workspace.lua:42]: Log path: 	/home/themule/mynvimconfig/nvim-share/nvim/mason/packages/lua-language-server/libexec/log/file_home_themule_mynvimconfig_nvim-config_nvim.log
[13:32:22.716][info] [#0:script/workspace/workspace.lua:48]: Workspace create: 	file:///home/themule/mynvimconfig/nvim-config/nvim
[13:32:22.821][info] [#0:script/provider/provider.lua:46]: Load config from client	file:///home/themule/mynvimconfig/nvim-config/nvim
[13:32:22.821][info] [#0:script/provider/provider.lua:47]: {
  Lua = {
    diagnostics = {
      globals = { "vim" }
    },
    workspace = {
      library = {
        ["/home/themule/.local/share/nvim/lazy/lazy.nvim/lua/lazy"] = true,
        ["/home/themule/.local/share/nvim/lazy/ui/nvchad_types"] = true,
        ["/usr/share/nvim/runtime/lua"] = true,
        ["/usr/share/nvim/runtime/lua/vim/lsp"] = true
      },
      maxPreload = 100000,
      preloadFileSize = 10000
    }
  }
}
[13:32:22.822][info] [#0:script/provider/provider.lua:46]: Load config from client	file:///home/themule/mynvimconfig/nvim-config/nvim
[13:32:22.822][info] [#0:script/provider/provider.lua:47]: {
  Lua = {
    diagnostics = {
      globals = { "vim" }
    },
    workspace = {
      library = {
        ["/home/themule/.local/share/nvim/lazy/lazy.nvim/lua/lazy"] = true,
        ["/home/themule/.local/share/nvim/lazy/ui/nvchad_types"] = true,
        ["/usr/share/nvim/runtime/lua"] = true,
        ["/usr/share/nvim/runtime/lua/vim/lsp"] = true
      },
      maxPreload = 100000,
      preloadFileSize = 10000
    }
  }
}
[13:32:22.823][info] [#0:script/provider/provider.lua:46]: Load config from client	file:///home/themule/mynvimconfig/nvim-config/nvim
[13:32:22.823][info] [#0:script/provider/provider.lua:47]: {
  Lua = {
    diagnostics = {
      globals = { "vim" }
    },
    workspace = {
      library = {
        ["/home/themule/.local/share/nvim/lazy/lazy.nvim/lua/lazy"] = true,
        ["/home/themule/.local/share/nvim/lazy/ui/nvchad_types"] = true,
        ["/usr/share/nvim/runtime/lua"] = true,
        ["/usr/share/nvim/runtime/lua/vim/lsp"] = true
      },
      maxPreload = 100000,
      preloadFileSize = 10000
    }
  }
}
[13:32:22.926][info] [#0:script/provider/provider.lua:61]: Load config from client	fallback
[13:32:22.927][info] [#0:script/provider/provider.lua:62]: {
  Lua = {
    diagnostics = {
      globals = { "vim" }
    },
    workspace = {
      library = {
        ["/home/themule/.local/share/nvim/lazy/lazy.nvim/lua/lazy"] = true,
        ["/home/themule/.local/share/nvim/lazy/ui/nvchad_types"] = true,
        ["/usr/share/nvim/runtime/lua"] = true,
        ["/usr/share/nvim/runtime/lua/vim/lsp"] = true
      },
      maxPreload = 100000,
      preloadFileSize = 10000
    }
  }
}
[13:32:22.927][info] [#0:script/provider/provider.lua:61]: Load config from client	fallback
[13:32:22.927][info] [#0:script/provider/provider.lua:62]: {
  Lua = {
    diagnostics = {
      globals = { "vim" }
    },
    workspace = {
      library = {
        ["/home/themule/.local/share/nvim/lazy/lazy.nvim/lua/lazy"] = true,
        ["/home/themule/.local/share/nvim/lazy/ui/nvchad_types"] = true,
        ["/usr/share/nvim/runtime/lua"] = true,
        ["/usr/share/nvim/runtime/lua/vim/lsp"] = true
      },
      maxPreload = 100000,
      preloadFileSize = 10000
    }
  }
}
[13:32:22.927][info] [#0:script/provider/provider.lua:61]: Load config from client	fallback
[13:32:22.927][info] [#0:script/provider/provider.lua:62]: {
  Lua = {
    diagnostics = {
      globals = { "vim" }
    },
    workspace = {
      library = {
        ["/home/themule/.local/share/nvim/lazy/lazy.nvim/lua/lazy"] = true,
        ["/home/themule/.local/share/nvim/lazy/ui/nvchad_types"] = true,
        ["/usr/share/nvim/runtime/lua"] = true,
        ["/usr/share/nvim/runtime/lua/vim/lsp"] = true
      },
      maxPreload = 100000,
      preloadFileSize = 10000
    }
  }
}
[13:32:23.031][info] [#0:script/library.lua:212]: Init builtin library at:	file:///home/themule/mynvimconfig/nvim-config/nvim
[13:32:23.094][info] [#0:script/plugin.lua:86]: plugin path:	/home/themule/mynvimconfig/nvim-config/nvim
[13:32:23.094][warn] [#0:script/plugin.lua:101]: plugin not found:	/home/themule/mynvimconfig/nvim-config/nvim
[13:32:23.094][info] [#0:script/library.lua:212]: Init builtin library at:	nil
[13:32:23.223][info] [#0:script/workspace/workspace.lua:324]: Preload start:	file:///home/themule/mynvimconfig/nvim-config/nvim
[13:32:23.234][info] [#0:script/workspace/workspace.lua:330]: Scan files at:	file:///home/themule/mynvimconfig/nvim-config/nvim
[13:32:23.237][info] [#0:script/workspace/workspace.lua:324]: Preload start:	<fallback>
[13:32:23.242][info] [#0:script/workspace/workspace.lua:353]: Scan library at:	file:///home/themule/mynvimconfig/nvim-share/nvim/mason/packages/lua-language-server/libexec/meta/Lua%205.4%20en-us%20utf8/string.lua
[13:32:23.242][info] [#0:script/workspace/workspace.lua:353]: Scan library at:	file:///home/themule/.local/share/nvim/lazy/lazy.nvim/lua/lazy
[13:32:23.252][info] [#0:script/workspace/workspace.lua:353]: Scan library at:	file:///home/themule/mynvimconfig/nvim-share/nvim/mason/packages/lua-language-server/libexec/meta/Lua%205.4%20en-us%20utf8/string.lua
[13:32:23.252][info] [#0:script/workspace/workspace.lua:353]: Scan library at:	file:///home/themule/.local/share/nvim/lazy/lazy.nvim/lua/lazy
[13:32:23.253][info] [#0:script/workspace/workspace.lua:353]: Scan library at:	file:///home/themule/mynvimconfig/nvim-share/nvim/mason/packages/lua-language-server/libexec/meta/Lua%205.4%20en-us%20utf8/package.lua
[13:32:23.253][info] [#0:script/workspace/workspace.lua:353]: Scan library at:	file:///home/themule/mynvimconfig/nvim-share/nvim/mason/packages/lua-language-server/libexec/meta/Lua%205.4%20en-us%20utf8/math.lua
[13:32:23.254][info] [#0:script/workspace/workspace.lua:353]: Scan library at:	file:///home/themule/mynvimconfig/nvim-share/nvim/mason/packages/lua-language-server/libexec/meta/Lua%205.4%20en-us%20utf8/io.lua
[13:32:23.254][info] [#0:script/workspace/workspace.lua:353]: Scan library at:	file:///home/themule/mynvimconfig/nvim-share/nvim/mason/packages/lua-language-server/libexec/meta/Lua%205.4%20en-us%20utf8/utf8.lua
[13:32:23.255][info] [#0:script/workspace/workspace.lua:353]: Scan library at:	file:///home/themule/mynvimconfig/nvim-share/nvim/mason/packages/lua-language-server/libexec/meta/Lua%205.4%20en-us%20utf8/os.lua
[13:32:23.255][info] [#0:script/workspace/workspace.lua:353]: Scan library at:	file:///home/themule/mynvimconfig/nvim-share/nvim/mason/packages/lua-language-server/libexec/meta/Lua%205.4%20en-us%20utf8/basic.lua
[13:32:23.255][info] [#0:script/workspace/workspace.lua:353]: Scan library at:	file:///home/themule/.local/share/nvim/lazy/ui/nvchad_types
[13:32:23.256][info] [#0:script/workspace/workspace.lua:353]: Scan library at:	file:///home/themule/mynvimconfig/nvim-share/nvim/mason/packages/lua-language-server/libexec/meta/Lua%205.4%20en-us%20utf8/builtin.lua
[13:32:23.256][info] [#0:script/workspace/workspace.lua:353]: Scan library at:	file:///usr/share/nvim/runtime/lua/vim/lsp
[13:32:23.259][info] [#0:script/workspace/workspace.lua:353]: Scan library at:	file:///home/themule/mynvimconfig/nvim-share/nvim/mason/packages/lua-language-server/libexec/meta/Lua%205.4%20en-us%20utf8/debug.lua
[13:32:23.260][info] [#0:script/workspace/workspace.lua:353]: Scan library at:	file:///home/themule/mynvimconfig/nvim-share/nvim/mason/packages/lua-language-server/libexec/meta/Lua%205.4%20en-us%20utf8/coroutine.lua
[13:32:23.260][info] [#0:script/workspace/workspace.lua:353]: Scan library at:	file:///usr/share/nvim/runtime/lua
[13:32:23.262][info] [#0:script/workspace/workspace.lua:353]: Scan library at:	file:///home/themule/mynvimconfig/nvim-share/nvim/mason/packages/lua-language-server/libexec/meta/Lua%205.4%20en-us%20utf8/package.lua
[13:32:23.262][info] [#0:script/workspace/workspace.lua:353]: Scan library at:	file:///home/themule/mynvimconfig/nvim-share/nvim/mason/packages/lua-language-server/libexec/meta/Lua%205.4%20en-us%20utf8/math.lua
[13:32:23.262][info] [#0:script/workspace/workspace.lua:353]: Scan library at:	file:///home/themule/mynvimconfig/nvim-share/nvim/mason/packages/lua-language-server/libexec/meta/Lua%205.4%20en-us%20utf8/io.lua
[13:32:23.263][info] [#0:script/workspace/workspace.lua:353]: Scan library at:	file:///home/themule/mynvimconfig/nvim-share/nvim/mason/packages/lua-language-server/libexec/meta/Lua%205.4%20en-us%20utf8/utf8.lua
[13:32:23.263][info] [#0:script/workspace/workspace.lua:353]: Scan library at:	file:///home/themule/mynvimconfig/nvim-share/nvim/mason/packages/lua-language-server/libexec/meta/Lua%205.4%20en-us%20utf8/os.lua
[13:32:23.264][info] [#0:script/workspace/workspace.lua:353]: Scan library at:	file:///home/themule/mynvimconfig/nvim-share/nvim/mason/packages/lua-language-server/libexec/meta/Lua%205.4%20en-us%20utf8/basic.lua
[13:32:23.264][info] [#0:script/workspace/workspace.lua:353]: Scan library at:	file:///home/themule/.local/share/nvim/lazy/ui/nvchad_types
[13:32:23.265][info] [#0:script/workspace/workspace.lua:353]: Scan library at:	file:///home/themule/mynvimconfig/nvim-share/nvim/mason/packages/lua-language-server/libexec/meta/Lua%205.4%20en-us%20utf8/builtin.lua
[13:32:23.265][info] [#0:script/workspace/workspace.lua:353]: Scan library at:	file:///usr/share/nvim/runtime/lua/vim/lsp
[13:32:23.267][info] [#0:script/workspace/workspace.lua:353]: Scan library at:	file:///home/themule/mynvimconfig/nvim-share/nvim/mason/packages/lua-language-server/libexec/meta/Lua%205.4%20en-us%20utf8/debug.lua
[13:32:23.268][info] [#0:script/workspace/workspace.lua:353]: Scan library at:	file:///home/themule/mynvimconfig/nvim-share/nvim/mason/packages/lua-language-server/libexec/meta/Lua%205.4%20en-us%20utf8/coroutine.lua
[13:32:23.268][info] [#0:script/workspace/workspace.lua:353]: Scan library at:	file:///usr/share/nvim/runtime/lua
[13:32:23.270][info] [#0:script/workspace/workspace.lua:353]: Scan library at:	file:///home/themule/mynvimconfig/nvim-share/nvim/mason/packages/lua-language-server/libexec/meta/Lua%205.4%20en-us%20utf8/table.lua
[13:32:23.272][info] [#0:script/workspace/workspace.lua:353]: Scan library at:	file:///home/themule/mynvimconfig/nvim-share/nvim/mason/packages/lua-language-server/libexec/meta/Lua%205.4%20en-us%20utf8/table.lua
[13:32:23.373][info] [#0:script/workspace/workspace.lua:379]: Found 124 files at:	<fallback>
[13:32:23.373][info] [#0:script/workspace/loading.lua:161]: Load files from disk:	<fallback>
[13:32:23.374][info] [#0:script/workspace/workspace.lua:379]: Found 154 files at:	file:///home/themule/mynvimconfig/nvim-config/nvim
[13:32:23.374][info] [#0:script/workspace/loading.lua:161]: Load files from disk:	file:///home/themule/mynvimconfig/nvim-config/nvim
[13:32:23.377][info] [#0:script/workspace/loading.lua:101]: Preload file at: file:///home/themule/mynvimconfig/nvim-share/nvim/mason/packages/lua-language-server/libexec/meta/Lua%205.4%20en-us%20utf8/table.lua , size = 4.230 KB
[13:32:23.390][info] [#0:script/workspace/loading.lua:113]: ++++As library of:	file:///home/themule/mynvimconfig/nvim-share/nvim/mason/packages/lua-language-server/libexec/meta/Lua%205.4%20en-us%20utf8/table.lua
[13:32:23.390][info] [#0:script/workspace/loading.lua:101]: Preload file at: file:///usr/share/nvim/runtime/lua/editorconfig.lua , size = 7.479 KB
[13:32:23.406][info] [#0:script/workspace/loading.lua:113]: ++++As library of:	file:///usr/share/nvim/runtime/lua
[13:32:23.406][info] [#0:script/workspace/loading.lua:98]: Skip loaded file: file:///usr/share/nvim/runtime/lua/editorconfig.lua
[13:32:23.406][info] [#0:script/workspace/loading.lua:101]: Preload file at: file:///usr/share/nvim/runtime/lua/nvim/health.lua , size = 12.706 KB
[13:32:23.424][info] [#0:script/workspace/loading.lua:113]: ++++As library of:	file:///usr/share/nvim/runtime/lua
[13:32:23.425][info] [#0:script/workspace/loading.lua:98]: Skip loaded file: file:///usr/share/nvim/runtime/lua/nvim/health.lua
[13:32:23.425][info] [#0:script/workspace/loading.lua:101]: Preload file at: file:///usr/share/nvim/runtime/lua/_vim9script.lua , size = 15.439 KB
[13:32:23.449][info] [#0:script/workspace/loading.lua:113]: ++++As library of:	file:///usr/share/nvim/runtime/lua
[13:32:23.449][info] [#0:script/workspace/loading.lua:98]: Skip loaded file: file:///usr/share/nvim/runtime/lua/_vim9script.lua
[13:32:23.449][info] [#0:script/workspace/loading.lua:101]: Preload file at: file:///usr/share/nvim/runtime/lua/man.lua , size = 25.082 KB
[13:32:23.473][info] [#0:script/workspace/loading.lua:113]: ++++As library of:	file:///usr/share/nvim/runtime/lua
[13:32:23.473][info] [#0:script/workspace/loading.lua:98]: Skip loaded file: file:///home/themule/mynvimconfig/nvim-share/nvim/mason/packages/lua-language-server/libexec/meta/Lua%205.4%20en-us%20utf8/table.lua
[13:32:23.473][info] [#0:script/workspace/loading.lua:101]: Preload file at: file:///usr/share/nvim/runtime/lua/vim/lsp/health.lua , size = 1.240 KB
[13:32:23.474][info] [#0:script/workspace/loading.lua:113]: ++++As library of:	file:///usr/share/nvim/runtime/lua
[13:32:23.474][info] [#0:script/workspace/loading.lua:98]: Skip loaded file: file:///usr/share/nvim/runtime/lua/man.lua
[13:32:23.474][info] [#0:script/workspace/loading.lua:98]: Skip loaded file: file:///usr/share/nvim/runtime/lua/vim/lsp/health.lua
[13:32:23.474][info] [#0:script/workspace/loading.lua:101]: Preload file at: file:///usr/share/nvim/runtime/lua/vim/lsp/_snippet.lua , size = 10.744 KB
[13:32:23.491][info] [#0:script/workspace/loading.lua:113]: ++++As library of:	file:///usr/share/nvim/runtime/lua
[13:32:23.492][info] [#0:script/workspace/loading.lua:98]: Skip loaded file: file:///usr/share/nvim/runtime/lua/vim/lsp/_snippet.lua
[13:32:23.492][info] [#0:script/workspace/loading.lua:101]: Preload file at: file:///usr/share/nvim/runtime/lua/vim/lsp/handlers.lua , size = 23.587 KB
[13:32:23.508][info] [#0:script/workspace/loading.lua:113]: ++++As library of:	file:///usr/share/nvim/runtime/lua
[13:32:23.508][info] [#0:script/workspace/loading.lua:101]: Preload file at: file:///usr/share/nvim/runtime/lua/vim/lsp/tagfunc.lua , size = 2.339 KB
[13:32:23.510][info] [#0:script/workspace/loading.lua:113]: ++++As library of:	file:///usr/share/nvim/runtime/lua
[13:32:23.511][info] [#0:script/workspace/loading.lua:98]: Skip loaded file: file:///usr/share/nvim/runtime/lua/vim/lsp/tagfunc.lua
[13:32:23.511][info] [#0:script/workspace/loading.lua:101]: Preload file at: file:///usr/share/nvim/runtime/lua/vim/lsp/diagnostic.lua , size = 8.867 KB
[13:32:23.519][info] [#0:script/workspace/loading.lua:113]: ++++As library of:	file:///usr/share/nvim/runtime/lua
[13:32:23.519][info] [#0:script/workspace/loading.lua:98]: Skip loaded file: file:///usr/share/nvim/runtime/lua/vim/lsp/diagnostic.lua
[13:32:23.519][info] [#0:script/workspace/loading.lua:101]: Preload file at: file:///usr/share/nvim/runtime/lua/vim/lsp/protocol.lua , size = 28.367 KB
[13:32:23.529][info] [#0:script/workspace/loading.lua:113]: ++++As library of:	file:///usr/share/nvim/runtime/lua
[13:32:23.529][info] [#0:script/workspace/loading.lua:98]: Skip loaded file: file:///usr/share/nvim/runtime/lua/vim/lsp/protocol.lua
[13:32:23.529][info] [#0:script/workspace/loading.lua:98]: Skip loaded file: file:///usr/share/nvim/runtime/lua/vim/lsp/handlers.lua
[13:32:23.529][info] [#0:script/workspace/loading.lua:101]: Preload file at: file:///usr/share/nvim/runtime/lua/vim/lsp/sync.lua , size = 15.681 KB
[13:32:23.547][info] [#0:script/workspace/loading.lua:113]: ++++As library of:	file:///usr/share/nvim/runtime/lua
[13:32:23.547][info] [#0:script/workspace/loading.lua:101]: Preload file at: file:///usr/share/nvim/runtime/lua/vim/lsp/codelens.lua , size = 8.554 KB
[13:32:23.558][info] [#0:script/workspace/loading.lua:113]: ++++As library of:	file:///usr/share/nvim/runtime/lua
[13:32:23.558][info] [#0:script/workspace/loading.lua:98]: Skip loaded file: file:///usr/share/nvim/runtime/lua/vim/lsp/sync.lua
[13:32:23.558][info] [#0:script/workspace/loading.lua:98]: Skip loaded file: file:///usr/share/nvim/runtime/lua/vim/lsp/codelens.lua
[13:32:23.558][info] [#0:script/workspace/loading.lua:101]: Preload file at: file:///usr/share/nvim/runtime/lua/vim/lsp/log.lua , size = 5.151 KB
[13:32:23.564][info] [#0:script/workspace/loading.lua:113]: ++++As library of:	file:///usr/share/nvim/runtime/lua
[13:32:23.564][info] [#0:script/workspace/loading.lua:98]: Skip loaded file: file:///usr/share/nvim/runtime/lua/vim/lsp/log.lua
[13:32:23.564][info] [#0:script/workspace/loading.lua:101]: Preload file at: file:///usr/share/nvim/runtime/lua/vim/lsp/buf.lua , size = 27.969 KB
[13:32:23.602][info] [#0:script/workspace/loading.lua:113]: ++++As library of:	file:///usr/share/nvim/runtime/lua
[13:32:23.602][info] [#0:script/workspace/loading.lua:101]: Preload file at: file:///usr/share/nvim/runtime/lua/vim/lsp/_watchfiles.lua , size = 9.692 KB
[13:32:23.611][info] [#0:script/workspace/loading.lua:113]: ++++As library of:	file:///usr/share/nvim/runtime/lua
[13:32:23.611][info] [#0:script/workspace/loading.lua:98]: Skip loaded file: file:///usr/share/nvim/runtime/lua/vim/lsp/buf.lua
[13:32:23.611][info] [#0:script/workspace/loading.lua:98]: Skip loaded file: file:///usr/share/nvim/runtime/lua/vim/lsp/_watchfiles.lua
[13:32:23.612][info] [#0:script/workspace/loading.lua:101]: Preload file at: file:///usr/share/nvim/runtime/lua/vim/lsp/util.lua , size = 70.764 KB
[13:32:23.676][info] [#0:script/workspace/loading.lua:113]: ++++As library of:	file:///usr/share/nvim/runtime/lua
[13:32:23.677][info] [#0:script/workspace/loading.lua:101]: Preload file at: file:///usr/share/nvim/runtime/lua/vim/lsp/semantic_tokens.lua , size = 25.936 KB
[13:32:23.699][info] [#0:script/workspace/loading.lua:113]: ++++As library of:	file:///usr/share/nvim/runtime/lua
[13:32:23.699][info] [#0:script/workspace/loading.lua:98]: Skip loaded file: file:///usr/share/nvim/runtime/lua/vim/lsp/semantic_tokens.lua
[13:32:23.699][info] [#0:script/workspace/loading.lua:101]: Preload file at: file:///usr/share/nvim/runtime/lua/vim/lsp/types.lua , size = 0.924 KB
[13:32:23.700][info] [#0:script/workspace/loading.lua:113]: ++++As library of:	file:///usr/share/nvim/runtime/lua
[13:32:23.700][info] [#0:script/workspace/loading.lua:98]: Skip loaded file: file:///usr/share/nvim/runtime/lua/vim/lsp/types.lua
[13:32:23.700][info] [#0:script/workspace/loading.lua:101]: Preload file at: file:///usr/share/nvim/runtime/lua/vim/lsp/rpc.lua , size = 23.695 KB
[13:32:23.722][info] [#0:script/workspace/loading.lua:113]: ++++As library of:	file:///usr/share/nvim/runtime/lua
[13:32:23.723][info] [#0:script/workspace/loading.lua:98]: Skip loaded file: file:///usr/share/nvim/runtime/lua/vim/lsp/rpc.lua
[13:32:23.723][info] [#0:script/workspace/loading.lua:101]: Preload file at: file:///usr/share/nvim/runtime/lua/vim/filetype/options.lua , size = 2.561 KB
[13:32:23.726][info] [#0:script/workspace/loading.lua:113]: ++++As library of:	file:///usr/share/nvim/runtime/lua
[13:32:23.726][info] [#0:script/workspace/loading.lua:98]: Skip loaded file: file:///usr/share/nvim/runtime/lua/vim/lsp/util.lua
[13:32:23.727][info] [#0:script/workspace/loading.lua:89]: Skip loaded file: file:///usr/share/nvim/runtime/lua/vim/filetype/options.lua
[13:32:23.727][info] [#0:script/workspace/loading.lua:113]: ++++As library of:	file:///usr/share/nvim/runtime/lua
[13:32:23.728][info] [#0:script/workspace/loading.lua:101]: Preload file at: file:///usr/share/nvim/runtime/lua/vim/filetype/detect.lua , size = 47.659 KB
[13:32:23.798][info] [#0:script/workspace/loading.lua:113]: ++++As library of:	file:///usr/share/nvim/runtime/lua
[13:32:23.798][info] [#0:script/workspace/loading.lua:101]: Preload file at: file:///usr/share/nvim/runtime/lua/vim/health.lua , size = 1.782 KB
[13:32:23.802][info] [#0:script/workspace/loading.lua:113]: ++++As library of:	file:///usr/share/nvim/runtime/lua
[13:32:23.802][info] [#0:script/workspace/loading.lua:98]: Skip loaded file: file:///usr/share/nvim/runtime/lua/vim/health.lua
[13:32:23.802][info] [#0:script/workspace/loading.lua:98]: Skip loaded file: file:///usr/share/nvim/runtime/lua/vim/filetype/detect.lua
[13:32:23.802][info] [#0:script/workspace/loading.lua:101]: Preload file at: file:///usr/share/nvim/runtime/lua/vim/fs.lua , size = 10.702 KB
[13:32:23.811][info] [#0:script/workspace/loading.lua:113]: ++++As library of:	file:///usr/share/nvim/runtime/lua
[13:32:23.811][info] [#0:script/workspace/loading.lua:98]: Skip loaded file: file:///usr/share/nvim/runtime/lua/vim/fs.lua
[13:32:23.811][info] [#0:script/workspace/loading.lua:101]: Preload file at: file:///usr/share/nvim/runtime/lua/vim/lsp.lua , size = 82.377 KB
[13:32:23.879][info] [#0:script/workspace/loading.lua:113]: ++++As library of:	file:///usr/share/nvim/runtime/lua
[13:32:23.879][info] [#0:script/workspace/loading.lua:98]: Skip loaded file: file:///usr/share/nvim/runtime/lua/vim/lsp.lua
[13:32:23.879][info] [#0:script/workspace/loading.lua:101]: Preload file at: file:///usr/share/nvim/runtime/lua/vim/diagnostic.lua , size = 56.640 KB
[13:32:23.922][info] [#0:script/workspace/loading.lua:113]: ++++As library of:	file:///usr/share/nvim/runtime/lua
[13:32:23.923][info] [#0:script/workspace/loading.lua:98]: Skip loaded file: file:///usr/share/nvim/runtime/lua/vim/diagnostic.lua
[13:32:23.923][info] [#0:script/workspace/loading.lua:101]: Preload file at: file:///usr/share/nvim/runtime/lua/vim/treesitter/playground.lua , size = 12.562 KB
[13:32:23.937][info] [#0:script/workspace/loading.lua:113]: ++++As library of:	file:///usr/share/nvim/runtime/lua
[13:32:23.941][info] [#0:script/workspace/loading.lua:101]: Preload file at: file:///usr/share/nvim/runtime/lua/vim/treesitter/health.lua , size = 0.888 KB
[13:32:23.952][info] [#0:script/workspace/loading.lua:113]: ++++As library of:	file:///usr/share/nvim/runtime/lua
[13:32:23.952][info] [#0:script/workspace/loading.lua:98]: Skip loaded file: file:///usr/share/nvim/runtime/lua/vim/treesitter/playground.lua
[13:32:23.952][info] [#0:script/workspace/loading.lua:98]: Skip loaded file: file:///usr/share/nvim/runtime/lua/vim/treesitter/health.lua
[13:32:23.953][info] [#0:script/workspace/loading.lua:101]: Preload file at: file:///usr/share/nvim/runtime/lua/vim/treesitter/language.lua , size = 3.558 KB
[13:32:23.959][info] [#0:script/workspace/loading.lua:113]: ++++As library of:	file:///usr/share/nvim/runtime/lua
[13:32:23.959][info] [#0:script/workspace/loading.lua:89]: Skip loaded file: file:///usr/share/nvim/runtime/lua/vim/treesitter/language.lua
[13:32:23.959][info] [#0:script/workspace/loading.lua:113]: ++++As library of:	file:///usr/share/nvim/runtime/lua
[13:32:23.960][info] [#0:script/workspace/loading.lua:101]: Preload file at: file:///usr/share/nvim/runtime/lua/vim/treesitter/highlighter.lua , size = 8.781 KB
[13:32:23.986][info] [#0:script/workspace/loading.lua:113]: ++++As library of:	file:///usr/share/nvim/runtime/lua
[13:32:23.986][info] [#0:script/workspace/loading.lua:98]: Skip loaded file: file:///usr/share/nvim/runtime/lua/vim/treesitter/highlighter.lua
[13:32:23.986][info] [#0:script/workspace/loading.lua:101]: Preload file at: file:///usr/share/nvim/runtime/lua/vim/treesitter/_fold.lua , size = 8.207 KB
[13:32:23.996][info] [#0:script/workspace/loading.lua:113]: ++++As library of:	file:///usr/share/nvim/runtime/lua
[13:32:23.996][info] [#0:script/workspace/loading.lua:89]: Skip loaded file: file:///usr/share/nvim/runtime/lua/vim/treesitter/_fold.lua
[13:32:23.996][info] [#0:script/workspace/loading.lua:113]: ++++As library of:	file:///usr/share/nvim/runtime/lua
[13:32:23.999][info] [#0:script/workspace/loading.lua:101]: Preload file at: file:///usr/share/nvim/runtime/lua/vim/treesitter/_range.lua , size = 3.646 KB
[13:32:24.015][info] [#0:script/workspace/loading.lua:113]: ++++As library of:	file:///usr/share/nvim/runtime/lua
[13:32:24.015][info] [#0:script/workspace/loading.lua:98]: Skip loaded file: file:///usr/share/nvim/runtime/lua/vim/treesitter/_range.lua
[13:32:24.015][info] [#0:script/workspace/loading.lua:101]: Preload file at: file:///usr/share/nvim/runtime/lua/vim/treesitter/query.lua , size = 21.253 KB
[13:32:24.063][info] [#0:script/workspace/loading.lua:113]: ++++As library of:	file:///usr/share/nvim/runtime/lua
[13:32:24.064][info] [#0:script/workspace/loading.lua:98]: Skip loaded file: file:///usr/share/nvim/runtime/lua/vim/treesitter/query.lua
[13:32:24.064][info] [#0:script/workspace/loading.lua:101]: Preload file at: file:///usr/share/nvim/runtime/lua/vim/treesitter/_meta.lua , size = 2.839 KB
[13:32:24.070][info] [#0:script/workspace/loading.lua:113]: ++++As library of:	file:///usr/share/nvim/runtime/lua
[13:32:24.070][info] [#0:script/workspace/loading.lua:98]: Skip loaded file: file:///usr/share/nvim/runtime/lua/vim/treesitter/_meta.lua
[13:32:24.070][info] [#0:script/workspace/loading.lua:101]: Preload file at: file:///usr/share/nvim/runtime/lua/vim/treesitter/languagetree.lua , size = 27.647 KB
[13:32:24.107][info] [#0:script/workspace/loading.lua:113]: ++++As library of:	file:///usr/share/nvim/runtime/lua
[13:32:24.107][info] [#0:script/workspace/loading.lua:98]: Skip loaded file: file:///usr/share/nvim/runtime/lua/vim/treesitter/languagetree.lua
[13:32:24.107][info] [#0:script/workspace/loading.lua:101]: Preload file at: file:///usr/share/nvim/runtime/lua/vim/keymap.lua , size = 3.573 KB
[13:32:24.110][info] [#0:script/workspace/loading.lua:113]: ++++As library of:	file:///usr/share/nvim/runtime/lua
[13:32:24.110][info] [#0:script/workspace/loading.lua:89]: Skip loaded file: file:///usr/share/nvim/runtime/lua/vim/keymap.lua
[13:32:24.110][info] [#0:script/workspace/loading.lua:113]: ++++As library of:	file:///usr/share/nvim/runtime/lua
[13:32:24.110][info] [#0:script/workspace/loading.lua:101]: Preload file at: file:///usr/share/nvim/runtime/lua/vim/version.lua , size = 12.146 KB
[13:32:24.121][info] [#0:script/workspace/loading.lua:113]: ++++As library of:	file:///usr/share/nvim/runtime/lua
[13:32:24.121][info] [#0:script/workspace/loading.lua:98]: Skip loaded file: file:///usr/share/nvim/runtime/lua/vim/version.lua
[13:32:24.121][info] [#0:script/workspace/loading.lua:101]: Preload file at: file:///usr/share/nvim/runtime/lua/vim/highlight.lua , size = 3.749 KB
[13:32:24.124][info] [#0:script/workspace/loading.lua:113]: ++++As library of:	file:///usr/share/nvim/runtime/lua
[13:32:24.125][info] [#0:script/workspace/loading.lua:101]: Preload file at: file:///usr/share/nvim/runtime/lua/vim/secure.lua , size = 4.830 KB
[13:32:24.130][info] [#0:script/workspace/loading.lua:113]: ++++As library of:	file:///usr/share/nvim/runtime/lua
[13:32:24.130][info] [#0:script/workspace/loading.lua:98]: Skip loaded file: file:///usr/share/nvim/runtime/lua/vim/secure.lua
[13:32:24.130][info] [#0:script/workspace/loading.lua:98]: Skip loaded file: file:///usr/share/nvim/runtime/lua/vim/highlight.lua
[13:32:24.130][info] [#0:script/workspace/loading.lua:101]: Preload file at: file:///usr/share/nvim/runtime/lua/vim/_init_packages.lua , size = 2.773 KB
[13:32:24.133][info] [#0:script/workspace/loading.lua:113]: ++++As library of:	file:///usr/share/nvim/runtime/lua
[13:32:24.133][info] [#0:script/workspace/loading.lua:98]: Skip loaded file: file:///usr/share/nvim/runtime/lua/vim/_init_packages.lua
[13:32:24.133][info] [#0:script/workspace/loading.lua:101]: Preload file at: file:///usr/share/nvim/runtime/lua/vim/_watch.lua , size = 5.387 KB
[13:32:24.143][info] [#0:script/workspace/loading.lua:113]: ++++As library of:	file:///usr/share/nvim/runtime/lua
[13:32:24.143][info] [#0:script/workspace/loading.lua:98]: Skip loaded file: file:///usr/share/nvim/runtime/lua/vim/_watch.lua
[13:32:24.143][info] [#0:script/workspace/loading.lua:101]: Preload file at: file:///usr/share/nvim/runtime/lua/vim/F.lua , size = 0.824 KB
[13:32:24.145][info] [#0:script/workspace/loading.lua:113]: ++++As library of:	file:///usr/share/nvim/runtime/lua
[13:32:24.145][info] [#0:script/workspace/loading.lua:98]: Skip loaded file: file:///usr/share/nvim/runtime/lua/vim/F.lua
[13:32:24.145][info] [#0:script/workspace/loading.lua:101]: Preload file at: file:///usr/share/nvim/runtime/lua/vim/ui.lua , size = 3.672 KB
[13:32:24.148][info] [#0:script/workspace/loading.lua:113]: ++++As library of:	file:///usr/share/nvim/runtime/lua
[13:32:24.148][info] [#0:script/workspace/loading.lua:98]: Skip loaded file: file:///usr/share/nvim/runtime/lua/vim/ui.lua
[13:32:24.148][info] [#0:script/workspace/loading.lua:101]: Preload file at: file:///usr/share/nvim/runtime/lua/vim/_inspector.lua , size = 7.915 KB
[13:32:24.156][info] [#0:script/workspace/loading.lua:113]: ++++As library of:	file:///usr/share/nvim/runtime/lua
[13:32:24.156][info] [#0:script/workspace/loading.lua:98]: Skip loaded file: file:///usr/share/nvim/runtime/lua/vim/_inspector.lua
[13:32:24.156][info] [#0:script/workspace/loading.lua:101]: Preload file at: file:///usr/share/nvim/runtime/lua/vim/_editor.lua , size = 29.364 KB
[13:32:24.182][info] [#0:script/workspace/loading.lua:113]: ++++As library of:	file:///usr/share/nvim/runtime/lua
[13:32:24.182][info] [#0:script/workspace/loading.lua:98]: Skip loaded file: file:///usr/share/nvim/runtime/lua/vim/_editor.lua
[13:32:24.182][info] [#0:script/workspace/loading.lua:101]: Preload file at: file:///usr/share/nvim/runtime/lua/vim/loader.lua , size = 16.182 KB
[13:32:24.209][info] [#0:script/workspace/loading.lua:113]: ++++As library of:	file:///usr/share/nvim/runtime/lua
[13:32:24.209][info] [#0:script/workspace/loading.lua:89]: Skip loaded file: file:///usr/share/nvim/runtime/lua/vim/loader.lua
[13:32:24.209][info] [#0:script/workspace/loading.lua:113]: ++++As library of:	file:///usr/share/nvim/runtime/lua
[13:32:24.210][info] [#0:script/workspace/loading.lua:101]: Preload file at: file:///usr/share/nvim/runtime/lua/vim/shared.lua , size = 22.292 KB
[13:32:24.235][info] [#0:script/workspace/loading.lua:113]: ++++As library of:	file:///usr/share/nvim/runtime/lua
[13:32:24.235][info] [#0:script/workspace/loading.lua:98]: Skip loaded file: file:///usr/share/nvim/runtime/lua/vim/shared.lua
[13:32:24.236][info] [#0:script/workspace/loading.lua:101]: Preload file at: file:///usr/share/nvim/runtime/lua/vim/filetype.lua , size = 74.400 KB
[13:32:24.309][info] [#0:script/workspace/loading.lua:113]: ++++As library of:	file:///usr/share/nvim/runtime/lua
[13:32:24.309][info] [#0:script/workspace/loading.lua:98]: Skip loaded file: file:///usr/share/nvim/runtime/lua/vim/filetype.lua
[13:32:24.309][info] [#0:script/workspace/loading.lua:101]: Preload file at: file:///usr/share/nvim/runtime/lua/vim/inspect.lua , size = 8.864 KB
[13:32:24.318][info] [#0:script/workspace/loading.lua:113]: ++++As library of:	file:///usr/share/nvim/runtime/lua
[13:32:24.319][info] [#0:script/workspace/loading.lua:98]: Skip loaded file: file:///usr/share/nvim/runtime/lua/vim/inspect.lua
[13:32:24.319][info] [#0:script/workspace/loading.lua:101]: Preload file at: file:///usr/share/nvim/runtime/lua/vim/treesitter.lua , size = 15.225 KB
[13:32:24.344][info] [#0:script/workspace/loading.lua:113]: ++++As library of:	file:///usr/share/nvim/runtime/lua
[13:32:24.344][info] [#0:script/workspace/loading.lua:98]: Skip loaded file: file:///usr/share/nvim/runtime/lua/vim/treesitter.lua
[13:32:24.344][info] [#0:script/workspace/loading.lua:101]: Preload file at: file:///usr/share/nvim/runtime/lua/vim/_options.lua , size = 12.261 KB
[13:32:24.412][info] [#0:script/workspace/loading.lua:113]: ++++As library of:	file:///usr/share/nvim/runtime/lua
[13:32:24.412][info] [#0:script/workspace/loading.lua:98]: Skip loaded file: file:///usr/share/nvim/runtime/lua/vim/_options.lua
[13:32:24.412][info] [#0:script/workspace/loading.lua:101]: Preload file at: file:///usr/share/nvim/runtime/lua/vim/uri.lua , size = 3.376 KB
[13:32:24.418][info] [#0:script/workspace/loading.lua:113]: ++++As library of:	file:///usr/share/nvim/runtime/lua
[13:32:24.419][info] [#0:script/workspace/loading.lua:98]: Skip loaded file: file:///usr/share/nvim/runtime/lua/vim/uri.lua
[13:32:24.419][info] [#0:script/workspace/loading.lua:101]: Preload file at: file:///home/themule/mynvimconfig/nvim-share/nvim/mason/packages/lua-language-server/libexec/meta/Lua%205.4%20en-us%20utf8/coroutine.lua , size = 2.590 KB
[13:32:24.424][info] [#0:script/workspace/loading.lua:113]: ++++As library of:	file:///home/themule/mynvimconfig/nvim-share/nvim/mason/packages/lua-language-server/libexec/meta/Lua%205.4%20en-us%20utf8/coroutine.lua
[13:32:24.424][info] [#0:script/workspace/loading.lua:89]: Skip loaded file: file:///home/themule/mynvimconfig/nvim-share/nvim/mason/packages/lua-language-server/libexec/meta/Lua%205.4%20en-us%20utf8/coroutine.lua
[13:32:24.424][info] [#0:script/workspace/loading.lua:113]: ++++As library of:	file:///home/themule/mynvimconfig/nvim-share/nvim/mason/packages/lua-language-server/libexec/meta/Lua%205.4%20en-us%20utf8/coroutine.lua
[13:32:24.436][info] [#0:script/workspace/loading.lua:101]: Preload file at: file:///home/themule/mynvimconfig/nvim-share/nvim/mason/packages/lua-language-server/libexec/meta/Lua%205.4%20en-us%20utf8/debug.lua , size = 7.637 KB
[13:32:24.451][info] [#0:script/workspace/loading.lua:113]: ++++As library of:	file:///home/themule/mynvimconfig/nvim-share/nvim/mason/packages/lua-language-server/libexec/meta/Lua%205.4%20en-us%20utf8/debug.lua
[13:32:24.451][info] [#0:script/workspace/loading.lua:98]: Skip loaded file: file:///home/themule/mynvimconfig/nvim-share/nvim/mason/packages/lua-language-server/libexec/meta/Lua%205.4%20en-us%20utf8/debug.lua
[13:32:24.451][info] [#0:script/workspace/loading.lua:89]: Skip loaded file: file:///usr/share/nvim/runtime/lua/vim/lsp/health.lua
[13:32:24.451][info] [#0:script/workspace/loading.lua:113]: ++++As library of:	file:///usr/share/nvim/runtime/lua/vim/lsp
[13:32:24.451][info] [#0:script/workspace/loading.lua:89]: Skip loaded file: file:///usr/share/nvim/runtime/lua/vim/lsp/health.lua
[13:32:24.451][info] [#0:script/workspace/loading.lua:113]: ++++As library of:	file:///usr/share/nvim/runtime/lua/vim/lsp
[13:32:24.451][info] [#0:script/workspace/loading.lua:89]: Skip loaded file: file:///usr/share/nvim/runtime/lua/vim/lsp/_snippet.lua
[13:32:24.451][info] [#0:script/workspace/loading.lua:113]: ++++As library of:	file:///usr/share/nvim/runtime/lua/vim/lsp
[13:32:24.451][info] [#0:script/workspace/loading.lua:89]: Skip loaded file: file:///usr/share/nvim/runtime/lua/vim/lsp/_snippet.lua
[13:32:24.451][info] [#0:script/workspace/loading.lua:113]: ++++As library of:	file:///usr/share/nvim/runtime/lua/vim/lsp
[13:32:24.451][info] [#0:script/workspace/loading.lua:89]: Skip loaded file: file:///usr/share/nvim/runtime/lua/vim/lsp/handlers.lua
[13:32:24.451][info] [#0:script/workspace/loading.lua:113]: ++++As library of:	file:///usr/share/nvim/runtime/lua/vim/lsp
[13:32:24.451][info] [#0:script/workspace/loading.lua:89]: Skip loaded file: file:///usr/share/nvim/runtime/lua/vim/lsp/handlers.lua
[13:32:24.451][info] [#0:script/workspace/loading.lua:113]: ++++As library of:	file:///usr/share/nvim/runtime/lua/vim/lsp
[13:32:24.451][info] [#0:script/workspace/loading.lua:89]: Skip loaded file: file:///usr/share/nvim/runtime/lua/vim/lsp/tagfunc.lua
[13:32:24.451][info] [#0:script/workspace/loading.lua:113]: ++++As library of:	file:///usr/share/nvim/runtime/lua/vim/lsp
[13:32:24.451][info] [#0:script/workspace/loading.lua:89]: Skip loaded file: file:///usr/share/nvim/runtime/lua/vim/lsp/tagfunc.lua
[13:32:24.451][info] [#0:script/workspace/loading.lua:113]: ++++As library of:	file:///usr/share/nvim/runtime/lua/vim/lsp
[13:32:24.451][info] [#0:script/workspace/loading.lua:89]: Skip loaded file: file:///usr/share/nvim/runtime/lua/vim/lsp/diagnostic.lua
[13:32:24.451][info] [#0:script/workspace/loading.lua:113]: ++++As library of:	file:///usr/share/nvim/runtime/lua/vim/lsp
[13:32:24.451][info] [#0:script/workspace/loading.lua:89]: Skip loaded file: file:///usr/share/nvim/runtime/lua/vim/lsp/diagnostic.lua
[13:32:24.451][info] [#0:script/workspace/loading.lua:113]: ++++As library of:	file:///usr/share/nvim/runtime/lua/vim/lsp
[13:32:24.451][info] [#0:script/workspace/loading.lua:89]: Skip loaded file: file:///usr/share/nvim/runtime/lua/vim/lsp/protocol.lua
[13:32:24.451][info] [#0:script/workspace/loading.lua:113]: ++++As library of:	file:///usr/share/nvim/runtime/lua/vim/lsp
[13:32:24.451][info] [#0:script/workspace/loading.lua:89]: Skip loaded file: file:///usr/share/nvim/runtime/lua/vim/lsp/protocol.lua
[13:32:24.451][info] [#0:script/workspace/loading.lua:113]: ++++As library of:	file:///usr/share/nvim/runtime/lua/vim/lsp
[13:32:24.451][info] [#0:script/workspace/loading.lua:89]: Skip loaded file: file:///usr/share/nvim/runtime/lua/vim/lsp/sync.lua
[13:32:24.451][info] [#0:script/workspace/loading.lua:113]: ++++As library of:	file:///usr/share/nvim/runtime/lua/vim/lsp
[13:32:24.451][info] [#0:script/workspace/loading.lua:89]: Skip loaded file: file:///usr/share/nvim/runtime/lua/vim/lsp/sync.lua
[13:32:24.451][info] [#0:script/workspace/loading.lua:113]: ++++As library of:	file:///usr/share/nvim/runtime/lua/vim/lsp
[13:32:24.451][info] [#0:script/workspace/loading.lua:89]: Skip loaded file: file:///usr/share/nvim/runtime/lua/vim/lsp/codelens.lua
[13:32:24.451][info] [#0:script/workspace/loading.lua:113]: ++++As library of:	file:///usr/share/nvim/runtime/lua/vim/lsp
[13:32:24.451][info] [#0:script/workspace/loading.lua:89]: Skip loaded file: file:///usr/share/nvim/runtime/lua/vim/lsp/codelens.lua
[13:32:24.451][info] [#0:script/workspace/loading.lua:113]: ++++As library of:	file:///usr/share/nvim/runtime/lua/vim/lsp
[13:32:24.451][info] [#0:script/workspace/loading.lua:89]: Skip loaded file: file:///usr/share/nvim/runtime/lua/vim/lsp/log.lua
[13:32:24.451][info] [#0:script/workspace/loading.lua:113]: ++++As library of:	file:///usr/share/nvim/runtime/lua/vim/lsp
[13:32:24.451][info] [#0:script/workspace/loading.lua:89]: Skip loaded file: file:///usr/share/nvim/runtime/lua/vim/lsp/log.lua
[13:32:24.451][info] [#0:script/workspace/loading.lua:113]: ++++As library of:	file:///usr/share/nvim/runtime/lua/vim/lsp
[13:32:24.451][info] [#0:script/workspace/loading.lua:89]: Skip loaded file: file:///usr/share/nvim/runtime/lua/vim/lsp/buf.lua
[13:32:24.451][info] [#0:script/workspace/loading.lua:113]: ++++As library of:	file:///usr/share/nvim/runtime/lua/vim/lsp
[13:32:24.451][info] [#0:script/workspace/loading.lua:89]: Skip loaded file: file:///usr/share/nvim/runtime/lua/vim/lsp/buf.lua
[13:32:24.451][info] [#0:script/workspace/loading.lua:113]: ++++As library of:	file:///usr/share/nvim/runtime/lua/vim/lsp
[13:32:24.451][info] [#0:script/workspace/loading.lua:89]: Skip loaded file: file:///usr/share/nvim/runtime/lua/vim/lsp/_watchfiles.lua
[13:32:24.451][info] [#0:script/workspace/loading.lua:113]: ++++As library of:	file:///usr/share/nvim/runtime/lua/vim/lsp
[13:32:24.452][info] [#0:script/workspace/loading.lua:89]: Skip loaded file: file:///usr/share/nvim/runtime/lua/vim/lsp/_watchfiles.lua
[13:32:24.452][info] [#0:script/workspace/loading.lua:113]: ++++As library of:	file:///usr/share/nvim/runtime/lua/vim/lsp
[13:32:24.452][info] [#0:script/workspace/loading.lua:89]: Skip loaded file: file:///usr/share/nvim/runtime/lua/vim/lsp/util.lua
[13:32:24.452][info] [#0:script/workspace/loading.lua:113]: ++++As library of:	file:///usr/share/nvim/runtime/lua/vim/lsp
[13:32:24.452][info] [#0:script/workspace/loading.lua:89]: Skip loaded file: file:///usr/share/nvim/runtime/lua/vim/lsp/util.lua
[13:32:24.452][info] [#0:script/workspace/loading.lua:113]: ++++As library of:	file:///usr/share/nvim/runtime/lua/vim/lsp
[13:32:24.452][info] [#0:script/workspace/loading.lua:89]: Skip loaded file: file:///usr/share/nvim/runtime/lua/vim/lsp/semantic_tokens.lua
[13:32:24.452][info] [#0:script/workspace/loading.lua:113]: ++++As library of:	file:///usr/share/nvim/runtime/lua/vim/lsp
[13:32:24.452][info] [#0:script/workspace/loading.lua:89]: Skip loaded file: file:///usr/share/nvim/runtime/lua/vim/lsp/semantic_tokens.lua
[13:32:24.452][info] [#0:script/workspace/loading.lua:113]: ++++As library of:	file:///usr/share/nvim/runtime/lua/vim/lsp
[13:32:24.452][info] [#0:script/workspace/loading.lua:89]: Skip loaded file: file:///usr/share/nvim/runtime/lua/vim/lsp/types.lua
[13:32:24.452][info] [#0:script/workspace/loading.lua:113]: ++++As library of:	file:///usr/share/nvim/runtime/lua/vim/lsp
[13:32:24.452][info] [#0:script/workspace/loading.lua:89]: Skip loaded file: file:///usr/share/nvim/runtime/lua/vim/lsp/types.lua
[13:32:24.452][info] [#0:script/workspace/loading.lua:113]: ++++As library of:	file:///usr/share/nvim/runtime/lua/vim/lsp
[13:32:24.452][info] [#0:script/workspace/loading.lua:89]: Skip loaded file: file:///usr/share/nvim/runtime/lua/vim/lsp/rpc.lua
[13:32:24.452][info] [#0:script/workspace/loading.lua:113]: ++++As library of:	file:///usr/share/nvim/runtime/lua/vim/lsp
[13:32:24.452][info] [#0:script/workspace/loading.lua:89]: Skip loaded file: file:///usr/share/nvim/runtime/lua/vim/lsp/rpc.lua
[13:32:24.452][info] [#0:script/workspace/loading.lua:113]: ++++As library of:	file:///usr/share/nvim/runtime/lua/vim/lsp
[13:32:24.452][info] [#0:script/workspace/loading.lua:101]: Preload file at: file:///home/themule/mynvimconfig/nvim-share/nvim/mason/packages/lua-language-server/libexec/meta/Lua%205.4%20en-us%20utf8/builtin.lua , size = 0.302 KB
[13:32:24.454][info] [#0:script/workspace/loading.lua:113]: ++++As library of:	file:///home/themule/mynvimconfig/nvim-share/nvim/mason/packages/lua-language-server/libexec/meta/Lua%205.4%20en-us%20utf8/builtin.lua
[13:32:24.454][info] [#0:script/workspace/loading.lua:98]: Skip loaded file: file:///home/themule/mynvimconfig/nvim-share/nvim/mason/packages/lua-language-server/libexec/meta/Lua%205.4%20en-us%20utf8/builtin.lua
[13:32:24.454][info] [#0:script/workspace/loading.lua:101]: Preload file at: file:///home/themule/.local/share/nvim/lazy/ui/nvchad_types/all_hl_groups.lua , size = 40.871 KB
[13:32:24.476][info] [#0:script/workspace/loading.lua:113]: ++++As library of:	file:///home/themule/.local/share/nvim/lazy/ui/nvchad_types
[13:32:24.477][info] [#0:script/workspace/loading.lua:101]: Preload file at: file:///home/themule/.local/share/nvim/lazy/ui/nvchad_types/themes.lua , size = 4.774 KB
[13:32:24.480][info] [#0:script/workspace/loading.lua:113]: ++++As library of:	file:///home/themule/.local/share/nvim/lazy/ui/nvchad_types
[13:32:24.480][info] [#0:script/workspace/loading.lua:98]: Skip loaded file: file:///home/themule/.local/share/nvim/lazy/ui/nvchad_types/themes.lua
[13:32:24.480][info] [#0:script/workspace/loading.lua:98]: Skip loaded file: file:///home/themule/.local/share/nvim/lazy/ui/nvchad_types/all_hl_groups.lua
[13:32:24.481][info] [#0:script/workspace/loading.lua:101]: Preload file at: file:///home/themule/.local/share/nvim/lazy/ui/nvchad_types/base46.lua , size = 7.725 KB
[13:32:24.485][info] [#0:script/workspace/loading.lua:113]: ++++As library of:	file:///home/themule/.local/share/nvim/lazy/ui/nvchad_types
[13:32:24.485][info] [#0:script/workspace/loading.lua:98]: Skip loaded file: file:///home/themule/.local/share/nvim/lazy/ui/nvchad_types/base46.lua
[13:32:24.486][info] [#0:script/workspace/loading.lua:101]: Preload file at: file:///home/themule/.local/share/nvim/lazy/ui/nvchad_types/keymaps.lua , size = 1.461 KB
[13:32:24.487][info] [#0:script/workspace/loading.lua:113]: ++++As library of:	file:///home/themule/.local/share/nvim/lazy/ui/nvchad_types
[13:32:24.487][info] [#0:script/workspace/loading.lua:98]: Skip loaded file: file:///home/themule/.local/share/nvim/lazy/ui/nvchad_types/keymaps.lua
[13:32:24.487][info] [#0:script/workspace/loading.lua:101]: Preload file at: file:///home/themule/.local/share/nvim/lazy/ui/nvchad_types/chadrc.lua , size = 8.765 KB
[13:32:24.493][info] [#0:script/workspace/loading.lua:113]: ++++As library of:	file:///home/themule/.local/share/nvim/lazy/ui/nvchad_types
[13:32:24.493][info] [#0:script/workspace/loading.lua:98]: Skip loaded file: file:///home/themule/.local/share/nvim/lazy/ui/nvchad_types/chadrc.lua
[13:32:24.493][info] [#0:script/workspace/loading.lua:101]: Preload file at: file:///home/themule/.local/share/nvim/lazy/ui/nvchad_types/plugins.lua , size = 5.681 KB
[13:32:24.495][info] [#0:script/workspace/loading.lua:113]: ++++As library of:	file:///home/themule/.local/share/nvim/lazy/ui/nvchad_types
[13:32:24.495][info] [#0:script/workspace/loading.lua:89]: Skip loaded file: file:///home/themule/.local/share/nvim/lazy/ui/nvchad_types/plugins.lua
[13:32:24.495][info] [#0:script/workspace/loading.lua:113]: ++++As library of:	file:///home/themule/.local/share/nvim/lazy/ui/nvchad_types
[13:32:24.506][info] [#0:script/workspace/loading.lua:101]: Preload file at: file:///home/themule/mynvimconfig/nvim-share/nvim/mason/packages/lua-language-server/libexec/meta/Lua%205.4%20en-us%20utf8/basic.lua , size = 15.336 KB
[13:32:24.519][info] [#0:script/workspace/loading.lua:113]: ++++As library of:	file:///home/themule/mynvimconfig/nvim-share/nvim/mason/packages/lua-language-server/libexec/meta/Lua%205.4%20en-us%20utf8/basic.lua
[13:32:24.519][info] [#0:script/workspace/loading.lua:89]: Skip loaded file: file:///home/themule/mynvimconfig/nvim-share/nvim/mason/packages/lua-language-server/libexec/meta/Lua%205.4%20en-us%20utf8/basic.lua
[13:32:24.519][info] [#0:script/workspace/loading.lua:113]: ++++As library of:	file:///home/themule/mynvimconfig/nvim-share/nvim/mason/packages/lua-language-server/libexec/meta/Lua%205.4%20en-us%20utf8/basic.lua
[13:32:24.519][info] [#0:script/workspace/loading.lua:101]: Preload file at: file:///home/themule/mynvimconfig/nvim-share/nvim/mason/packages/lua-language-server/libexec/meta/Lua%205.4%20en-us%20utf8/os.lua , size = 5.600 KB
[13:32:24.524][info] [#0:script/workspace/loading.lua:113]: ++++As library of:	file:///home/themule/mynvimconfig/nvim-share/nvim/mason/packages/lua-language-server/libexec/meta/Lua%205.4%20en-us%20utf8/os.lua
[13:32:24.525][info] [#0:script/workspace/loading.lua:98]: Skip loaded file: file:///home/themule/mynvimconfig/nvim-share/nvim/mason/packages/lua-language-server/libexec/meta/Lua%205.4%20en-us%20utf8/os.lua
[13:32:24.525][info] [#0:script/workspace/loading.lua:101]: Preload file at: file:///home/themule/mynvimconfig/nvim-share/nvim/mason/packages/lua-language-server/libexec/meta/Lua%205.4%20en-us%20utf8/utf8.lua , size = 2.386 KB
[13:32:24.526][info] [#0:script/workspace/loading.lua:113]: ++++As library of:	file:///home/themule/mynvimconfig/nvim-share/nvim/mason/packages/lua-language-server/libexec/meta/Lua%205.4%20en-us%20utf8/utf8.lua
[13:32:24.527][info] [#0:script/workspace/loading.lua:98]: Skip loaded file: file:///home/themule/mynvimconfig/nvim-share/nvim/mason/packages/lua-language-server/libexec/meta/Lua%205.4%20en-us%20utf8/utf8.lua
[13:32:24.527][info] [#0:script/workspace/loading.lua:101]: Preload file at: file:///home/themule/mynvimconfig/nvim-share/nvim/mason/packages/lua-language-server/libexec/meta/Lua%205.4%20en-us%20utf8/io.lua , size = 6.364 KB
[13:32:24.533][info] [#0:script/workspace/loading.lua:113]: ++++As library of:	file:///home/themule/mynvimconfig/nvim-share/nvim/mason/packages/lua-language-server/libexec/meta/Lua%205.4%20en-us%20utf8/io.lua
[13:32:24.533][info] [#0:script/workspace/loading.lua:98]: Skip loaded file: file:///home/themule/mynvimconfig/nvim-share/nvim/mason/packages/lua-language-server/libexec/meta/Lua%205.4%20en-us%20utf8/io.lua
[13:32:24.533][info] [#0:script/workspace/loading.lua:101]: Preload file at: file:///home/themule/mynvimconfig/nvim-share/nvim/mason/packages/lua-language-server/libexec/meta/Lua%205.4%20en-us%20utf8/math.lua , size = 8.509 KB
[13:32:24.541][info] [#0:script/workspace/loading.lua:113]: ++++As library of:	file:///home/themule/mynvimconfig/nvim-share/nvim/mason/packages/lua-language-server/libexec/meta/Lua%205.4%20en-us%20utf8/math.lua
[13:32:24.541][info] [#0:script/workspace/loading.lua:89]: Skip loaded file: file:///home/themule/mynvimconfig/nvim-share/nvim/mason/packages/lua-language-server/libexec/meta/Lua%205.4%20en-us%20utf8/math.lua
[13:32:24.541][info] [#0:script/workspace/loading.lua:113]: ++++As library of:	file:///home/themule/mynvimconfig/nvim-share/nvim/mason/packages/lua-language-server/libexec/meta/Lua%205.4%20en-us%20utf8/math.lua
[13:32:24.542][info] [#0:script/workspace/loading.lua:101]: Preload file at: file:///home/themule/mynvimconfig/nvim-share/nvim/mason/packages/lua-language-server/libexec/meta/Lua%205.4%20en-us%20utf8/package.lua , size = 2.944 KB
[13:32:24.558][info] [#0:script/workspace/loading.lua:113]: ++++As library of:	file:///home/themule/mynvimconfig/nvim-share/nvim/mason/packages/lua-language-server/libexec/meta/Lua%205.4%20en-us%20utf8/package.lua
[13:32:24.559][info] [#0:script/workspace/loading.lua:98]: Skip loaded file: file:///home/themule/mynvimconfig/nvim-share/nvim/mason/packages/lua-language-server/libexec/meta/Lua%205.4%20en-us%20utf8/package.lua
[13:32:24.567][info] [#0:script/workspace/loading.lua:101]: Preload file at: file:///home/themule/.local/share/nvim/lazy/lazy.nvim/lua/lazy/health.lua , size = 3.313 KB
[13:32:24.572][info] [#0:script/workspace/loading.lua:113]: ++++As library of:	file:///home/themule/.local/share/nvim/lazy/lazy.nvim/lua/lazy
[13:32:24.572][info] [#0:script/workspace/loading.lua:98]: Skip loaded file: file:///home/themule/.local/share/nvim/lazy/lazy.nvim/lua/lazy/health.lua
[13:32:24.581][info] [#0:script/workspace/loading.lua:101]: Preload file at: file:///home/themule/.local/share/nvim/lazy/lazy.nvim/lua/lazy/core/plugin.lua , size = 16.926 KB
[13:32:24.619][info] [#0:script/workspace/loading.lua:113]: ++++As library of:	file:///home/themule/.local/share/nvim/lazy/lazy.nvim/lua/lazy
[13:32:24.619][info] [#0:script/workspace/loading.lua:98]: Skip loaded file: file:///home/themule/.local/share/nvim/lazy/lazy.nvim/lua/lazy/core/plugin.lua
[13:32:24.626][info] [#0:script/workspace/loading.lua:101]: Preload file at: file:///home/themule/.local/share/nvim/lazy/lazy.nvim/lua/lazy/core/loader.lua , size = 13.642 KB
[13:32:24.659][info] [#0:script/workspace/loading.lua:113]: ++++As library of:	file:///home/themule/.local/share/nvim/lazy/lazy.nvim/lua/lazy
[13:32:24.659][info] [#0:script/workspace/loading.lua:98]: Skip loaded file: file:///home/themule/.local/share/nvim/lazy/lazy.nvim/lua/lazy/core/loader.lua
[13:32:24.668][info] [#0:script/workspace/loading.lua:101]: Preload file at: file:///home/themule/.local/share/nvim/lazy/lazy.nvim/lua/lazy/core/util.lua , size = 10.657 KB
[13:32:24.686][info] [#0:script/workspace/loading.lua:113]: ++++As library of:	file:///home/themule/.local/share/nvim/lazy/lazy.nvim/lua/lazy
[13:32:24.686][info] [#0:script/workspace/loading.lua:98]: Skip loaded file: file:///home/themule/.local/share/nvim/lazy/lazy.nvim/lua/lazy/core/util.lua
[13:32:24.692][info] [#0:script/workspace/loading.lua:101]: Preload file at: file:///home/themule/.local/share/nvim/lazy/lazy.nvim/lua/lazy/core/config.lua , size = 8.791 KB
[13:32:24.712][info] [#0:script/workspace/loading.lua:113]: ++++As library of:	file:///home/themule/.local/share/nvim/lazy/lazy.nvim/lua/lazy
[13:32:24.712][info] [#0:script/workspace/loading.lua:98]: Skip loaded file: file:///home/themule/.local/share/nvim/lazy/lazy.nvim/lua/lazy/core/config.lua
[13:32:24.720][info] [#0:script/workspace/loading.lua:101]: Preload file at: file:///home/themule/.local/share/nvim/lazy/lazy.nvim/lua/lazy/core/cache.lua , size = 16.600 KB
[13:32:24.741][info] [#0:script/workspace/loading.lua:113]: ++++As library of:	file:///home/themule/.local/share/nvim/lazy/lazy.nvim/lua/lazy
[13:32:24.741][info] [#0:script/workspace/loading.lua:98]: Skip loaded file: file:///home/themule/.local/share/nvim/lazy/lazy.nvim/lua/lazy/core/cache.lua
[13:32:24.750][info] [#0:script/workspace/loading.lua:101]: Preload file at: file:///home/themule/.local/share/nvim/lazy/lazy.nvim/lua/lazy/core/handler/cmd.lua , size = 1.638 KB
[13:32:24.754][info] [#0:script/workspace/loading.lua:113]: ++++As library of:	file:///home/themule/.local/share/nvim/lazy/lazy.nvim/lua/lazy
[13:32:24.754][info] [#0:script/workspace/loading.lua:98]: Skip loaded file: file:///home/themule/.local/share/nvim/lazy/lazy.nvim/lua/lazy/core/handler/cmd.lua
[13:32:24.786][info] [#0:script/workspace/loading.lua:101]: Preload file at: file:///home/themule/.local/share/nvim/lazy/lazy.nvim/lua/lazy/core/handler/keys.lua , size = 4.595 KB
[13:32:24.794][info] [#0:script/workspace/loading.lua:113]: ++++As library of:	file:///home/themule/.local/share/nvim/lazy/lazy.nvim/lua/lazy
[13:32:24.794][info] [#0:script/workspace/loading.lua:98]: Skip loaded file: file:///home/themule/.local/share/nvim/lazy/lazy.nvim/lua/lazy/core/handler/keys.lua
[13:32:24.823][info] [#0:script/workspace/loading.lua:101]: Preload file at: file:///home/themule/.local/share/nvim/lazy/lazy.nvim/lua/lazy/core/handler/event.lua , size = 4.860 KB
[13:32:24.830][info] [#0:script/workspace/loading.lua:113]: ++++As library of:	file:///home/themule/.local/share/nvim/lazy/lazy.nvim/lua/lazy
[13:32:24.830][info] [#0:script/workspace/loading.lua:98]: Skip loaded file: file:///home/themule/.local/share/nvim/lazy/lazy.nvim/lua/lazy/core/handler/event.lua
[13:32:24.837][info] [#0:script/workspace/loading.lua:101]: Preload file at: file:///home/themule/.local/share/nvim/lazy/lazy.nvim/lua/lazy/core/handler/init.lua , size = 3.126 KB
[13:32:24.842][info] [#0:script/workspace/loading.lua:113]: ++++As library of:	file:///home/themule/.local/share/nvim/lazy/lazy.nvim/lua/lazy
[13:32:24.842][info] [#0:script/workspace/loading.lua:98]: Skip loaded file: file:///home/themule/.local/share/nvim/lazy/lazy.nvim/lua/lazy/core/handler/init.lua
[13:32:24.850][info] [#0:script/workspace/loading.lua:101]: Preload file at: file:///home/themule/.local/share/nvim/lazy/lazy.nvim/lua/lazy/core/handler/ft.lua , size = 0.442 KB
[13:32:24.852][info] [#0:script/workspace/loading.lua:113]: ++++As library of:	file:///home/themule/.local/share/nvim/lazy/lazy.nvim/lua/lazy
[13:32:24.852][info] [#0:script/workspace/loading.lua:98]: Skip loaded file: file:///home/themule/.local/share/nvim/lazy/lazy.nvim/lua/lazy/core/handler/ft.lua
[13:32:24.877][info] [#0:script/workspace/loading.lua:101]: Preload file at: file:///home/themule/.local/share/nvim/lazy/lazy.nvim/lua/lazy/status.lua , size = 0.353 KB
[13:32:24.878][info] [#0:script/workspace/loading.lua:113]: ++++As library of:	file:///home/themule/.local/share/nvim/lazy/lazy.nvim/lua/lazy
[13:32:24.879][info] [#0:script/workspace/loading.lua:98]: Skip loaded file: file:///home/themule/.local/share/nvim/lazy/lazy.nvim/lua/lazy/status.lua
[13:32:24.891][info] [#0:script/workspace/loading.lua:101]: Preload file at: file:///home/themule/.local/share/nvim/lazy/lazy.nvim/lua/lazy/state.lua , size = 0.859 KB
[13:32:24.894][info] [#0:script/workspace/loading.lua:113]: ++++As library of:	file:///home/themule/.local/share/nvim/lazy/lazy.nvim/lua/lazy
[13:32:24.894][info] [#0:script/workspace/loading.lua:98]: Skip loaded file: file:///home/themule/.local/share/nvim/lazy/lazy.nvim/lua/lazy/state.lua
[13:32:24.898][info] [#0:script/workspace/loading.lua:101]: Preload file at: file:///home/themule/.local/share/nvim/lazy/lazy.nvim/lua/lazy/manage/checker.lua , size = 2.306 KB
[13:32:24.901][info] [#0:script/workspace/loading.lua:113]: ++++As library of:	file:///home/themule/.local/share/nvim/lazy/lazy.nvim/lua/lazy
[13:32:24.901][info] [#0:script/workspace/loading.lua:98]: Skip loaded file: file:///home/themule/.local/share/nvim/lazy/lazy.nvim/lua/lazy/manage/checker.lua
[13:32:24.936][info] [#0:script/workspace/loading.lua:101]: Preload file at: file:///home/themule/.local/share/nvim/lazy/lazy.nvim/lua/lazy/manage/semver.lua , size = 4.409 KB
[13:32:24.967][info] [#0:script/workspace/loading.lua:113]: ++++As library of:	file:///home/themule/.local/share/nvim/lazy/lazy.nvim/lua/lazy
[13:32:24.967][info] [#0:script/workspace/loading.lua:98]: Skip loaded file: file:///home/themule/.local/share/nvim/lazy/lazy.nvim/lua/lazy/manage/semver.lua
[13:32:24.978][info] [#0:script/workspace/loading.lua:101]: Preload file at: file:///home/themule/.local/share/nvim/lazy/lazy.nvim/lua/lazy/manage/reloader.lua , size = 2.487 KB
[13:32:24.990][info] [#0:script/workspace/loading.lua:113]: ++++As library of:	file:///home/themule/.local/share/nvim/lazy/lazy.nvim/lua/lazy
[13:32:24.990][info] [#0:script/workspace/loading.lua:98]: Skip loaded file: file:///home/themule/.local/share/nvim/lazy/lazy.nvim/lua/lazy/manage/reloader.lua
[13:32:25.018][info] [#0:script/workspace/loading.lua:101]: Preload file at: file:///home/themule/.local/share/nvim/lazy/lazy.nvim/lua/lazy/manage/git.lua , size = 6.040 KB
[13:32:25.032][info] [#0:script/workspace/loading.lua:113]: ++++As library of:	file:///home/themule/.local/share/nvim/lazy/lazy.nvim/lua/lazy
[13:32:25.032][info] [#0:script/workspace/loading.lua:98]: Skip loaded file: file:///home/themule/.local/share/nvim/lazy/lazy.nvim/lua/lazy/manage/git.lua
[13:32:25.039][info] [#0:script/workspace/loading.lua:101]: Preload file at: file:///home/themule/.local/share/nvim/lazy/lazy.nvim/lua/lazy/manage/init.lua , size = 5.484 KB
[13:32:25.062][info] [#0:script/workspace/loading.lua:113]: ++++As library of:	file:///home/themule/.local/share/nvim/lazy/lazy.nvim/lua/lazy
[13:32:25.063][info] [#0:script/workspace/loading.lua:98]: Skip loaded file: file:///home/themule/.local/share/nvim/lazy/lazy.nvim/lua/lazy/manage/init.lua
[13:32:25.084][info] [#0:script/workspace/loading.lua:101]: Preload file at: file:///home/themule/.local/share/nvim/lazy/lazy.nvim/lua/lazy/manage/runner.lua , size = 4.358 KB
[13:32:25.094][info] [#0:script/workspace/loading.lua:113]: ++++As library of:	file:///home/themule/.local/share/nvim/lazy/lazy.nvim/lua/lazy
[13:32:25.094][info] [#0:script/workspace/loading.lua:98]: Skip loaded file: file:///home/themule/.local/share/nvim/lazy/lazy.nvim/lua/lazy/manage/runner.lua
[13:32:25.149][info] [#0:script/workspace/loading.lua:101]: Preload file at: file:///home/themule/.local/share/nvim/lazy/lazy.nvim/lua/lazy/manage/lock.lua , size = 1.811 KB
[13:32:25.154][info] [#0:script/workspace/loading.lua:113]: ++++As library of:	file:///home/themule/.local/share/nvim/lazy/lazy.nvim/lua/lazy
[13:32:25.154][info] [#0:script/workspace/loading.lua:89]: Skip loaded file: file:///home/themule/.local/share/nvim/lazy/lazy.nvim/lua/lazy/manage/lock.lua
[13:32:25.154][info] [#0:script/workspace/loading.lua:113]: ++++As library of:	file:///home/themule/.local/share/nvim/lazy/lazy.nvim/lua/lazy
[13:32:25.162][info] [#0:script/workspace/loading.lua:101]: Preload file at: file:///home/themule/.local/share/nvim/lazy/lazy.nvim/lua/lazy/manage/task/fs.lua , size = 0.740 KB
[13:32:25.170][info] [#0:script/workspace/loading.lua:113]: ++++As library of:	file:///home/themule/.local/share/nvim/lazy/lazy.nvim/lua/lazy
[13:32:25.170][info] [#0:script/workspace/loading.lua:98]: Skip loaded file: file:///home/themule/.local/share/nvim/lazy/lazy.nvim/lua/lazy/manage/task/fs.lua
[13:32:25.183][info] [#0:script/workspace/loading.lua:101]: Preload file at: file:///home/themule/.local/share/nvim/lazy/lazy.nvim/lua/lazy/manage/task/git.lua , size = 7.719 KB
[13:32:25.192][info] [#0:script/workspace/loading.lua:113]: ++++As library of:	file:///home/themule/.local/share/nvim/lazy/lazy.nvim/lua/lazy
[13:32:25.192][info] [#0:script/workspace/loading.lua:98]: Skip loaded file: file:///home/themule/.local/share/nvim/lazy/lazy.nvim/lua/lazy/manage/task/git.lua
[13:32:25.200][info] [#0:script/workspace/loading.lua:101]: Preload file at: file:///home/themule/.local/share/nvim/lazy/lazy.nvim/lua/lazy/manage/task/init.lua , size = 3.822 KB
[13:32:25.207][info] [#0:script/workspace/loading.lua:113]: ++++As library of:	file:///home/themule/.local/share/nvim/lazy/lazy.nvim/lua/lazy
[13:32:25.207][info] [#0:script/workspace/loading.lua:98]: Skip loaded file: file:///home/themule/.local/share/nvim/lazy/lazy.nvim/lua/lazy/manage/task/init.lua
[13:32:25.214][info] [#0:script/workspace/loading.lua:101]: Preload file at: file:///home/themule/.local/share/nvim/lazy/lazy.nvim/lua/lazy/manage/task/plugin.lua , size = 2.294 KB
[13:32:25.219][info] [#0:script/workspace/loading.lua:113]: ++++As library of:	file:///home/themule/.local/share/nvim/lazy/lazy.nvim/lua/lazy
[13:32:25.219][info] [#0:script/workspace/loading.lua:98]: Skip loaded file: file:///home/themule/.local/share/nvim/lazy/lazy.nvim/lua/lazy/manage/task/plugin.lua
[13:32:25.225][info] [#0:script/workspace/loading.lua:101]: Preload file at: file:///home/themule/.local/share/nvim/lazy/lazy.nvim/lua/lazy/manage/process.lua , size = 3.989 KB
[13:32:25.238][info] [#0:script/workspace/loading.lua:113]: ++++As library of:	file:///home/themule/.local/share/nvim/lazy/lazy.nvim/lua/lazy
[13:32:25.238][info] [#0:script/workspace/loading.lua:98]: Skip loaded file: file:///home/themule/.local/share/nvim/lazy/lazy.nvim/lua/lazy/manage/process.lua
[13:32:25.240][info] [#0:script/workspace/loading.lua:101]: Preload file at: file:///home/themule/.local/share/nvim/lazy/lazy.nvim/lua/lazy/init.lua , size = 3.717 KB
[13:32:25.247][info] [#0:script/workspace/loading.lua:113]: ++++As library of:	file:///home/themule/.local/share/nvim/lazy/lazy.nvim/lua/lazy
[13:32:25.247][info] [#0:script/workspace/loading.lua:98]: Skip loaded file: file:///home/themule/.local/share/nvim/lazy/lazy.nvim/lua/lazy/init.lua
[13:32:25.251][info] [#0:script/workspace/loading.lua:101]: Preload file at: file:///home/themule/.local/share/nvim/lazy/lazy.nvim/lua/lazy/view/diff.lua , size = 1.585 KB
[13:32:25.255][info] [#0:script/workspace/loading.lua:113]: ++++As library of:	file:///home/themule/.local/share/nvim/lazy/lazy.nvim/lua/lazy
[13:32:25.255][info] [#0:script/workspace/loading.lua:98]: Skip loaded file: file:///home/themule/.local/share/nvim/lazy/lazy.nvim/lua/lazy/view/diff.lua
[13:32:25.260][info] [#0:script/workspace/loading.lua:101]: Preload file at: file:///home/themule/.local/share/nvim/lazy/lazy.nvim/lua/lazy/view/render.lua , size = 21.166 KB
[13:32:25.308][info] [#0:script/workspace/loading.lua:113]: ++++As library of:	file:///home/themule/.local/share/nvim/lazy/lazy.nvim/lua/lazy
[13:32:25.308][info] [#0:script/workspace/loading.lua:98]: Skip loaded file: file:///home/themule/.local/share/nvim/lazy/lazy.nvim/lua/lazy/view/render.lua
[13:32:25.314][info] [#0:script/workspace/loading.lua:101]: Preload file at: file:///home/themule/.local/share/nvim/lazy/lazy.nvim/lua/lazy/view/float.lua , size = 7.009 KB
[13:32:25.339][info] [#0:script/workspace/loading.lua:113]: ++++As library of:	file:///home/themule/.local/share/nvim/lazy/lazy.nvim/lua/lazy
[13:32:25.339][info] [#0:script/workspace/loading.lua:98]: Skip loaded file: file:///home/themule/.local/share/nvim/lazy/lazy.nvim/lua/lazy/view/float.lua
[13:32:25.348][info] [#0:script/workspace/loading.lua:101]: Preload file at: file:///home/themule/.local/share/nvim/lazy/lazy.nvim/lua/lazy/view/init.lua , size = 7.479 KB
[13:32:25.364][info] [#0:script/workspace/loading.lua:113]: ++++As library of:	file:///home/themule/.local/share/nvim/lazy/lazy.nvim/lua/lazy
[13:32:25.364][info] [#0:script/workspace/loading.lua:98]: Skip loaded file: file:///home/themule/.local/share/nvim/lazy/lazy.nvim/lua/lazy/view/init.lua
[13:32:25.372][info] [#0:script/workspace/loading.lua:101]: Preload file at: file:///home/themule/.local/share/nvim/lazy/lazy.nvim/lua/lazy/view/sections.lua , size = 2.310 KB
[13:32:25.454][info] [#0:script/workspace/loading.lua:113]: ++++As library of:	file:///home/themule/.local/share/nvim/lazy/lazy.nvim/lua/lazy
[13:32:25.454][info] [#0:script/workspace/loading.lua:98]: Skip loaded file: file:///home/themule/.local/share/nvim/lazy/lazy.nvim/lua/lazy/view/sections.lua
[13:32:25.462][info] [#0:script/workspace/loading.lua:101]: Preload file at: file:///home/themule/.local/share/nvim/lazy/lazy.nvim/lua/lazy/view/commands.lua , size = 3.386 KB
[13:32:25.476][info] [#0:script/workspace/loading.lua:113]: ++++As library of:	file:///home/themule/.local/share/nvim/lazy/lazy.nvim/lua/lazy
[13:32:25.476][info] [#0:script/workspace/loading.lua:89]: Skip loaded file: file:///home/themule/.local/share/nvim/lazy/lazy.nvim/lua/lazy/view/commands.lua
[13:32:25.476][info] [#0:script/workspace/loading.lua:113]: ++++As library of:	file:///home/themule/.local/share/nvim/lazy/lazy.nvim/lua/lazy
[13:32:25.484][info] [#0:script/workspace/loading.lua:101]: Preload file at: file:///home/themule/.local/share/nvim/lazy/lazy.nvim/lua/lazy/view/config.lua , size = 3.462 KB
[13:32:25.487][info] [#0:script/workspace/loading.lua:113]: ++++As library of:	file:///home/themule/.local/share/nvim/lazy/lazy.nvim/lua/lazy
[13:32:25.487][info] [#0:script/workspace/loading.lua:98]: Skip loaded file: file:///home/themule/.local/share/nvim/lazy/lazy.nvim/lua/lazy/view/config.lua
[13:32:25.494][info] [#0:script/workspace/loading.lua:101]: Preload file at: file:///home/themule/.local/share/nvim/lazy/lazy.nvim/lua/lazy/view/colors.lua , size = 1.526 KB
[13:32:25.497][info] [#0:script/workspace/loading.lua:113]: ++++As library of:	file:///home/themule/.local/share/nvim/lazy/lazy.nvim/lua/lazy
[13:32:25.497][info] [#0:script/workspace/loading.lua:98]: Skip loaded file: file:///home/themule/.local/share/nvim/lazy/lazy.nvim/lua/lazy/view/colors.lua
[13:32:25.502][info] [#0:script/workspace/loading.lua:101]: Preload file at: file:///home/themule/.local/share/nvim/lazy/lazy.nvim/lua/lazy/view/text.lua , size = 3.820 KB
[13:32:25.508][info] [#0:script/workspace/loading.lua:113]: ++++As library of:	file:///home/themule/.local/share/nvim/lazy/lazy.nvim/lua/lazy
[13:32:25.509][info] [#0:script/workspace/loading.lua:98]: Skip loaded file: file:///home/themule/.local/share/nvim/lazy/lazy.nvim/lua/lazy/view/text.lua
[13:32:25.514][info] [#0:script/workspace/loading.lua:101]: Preload file at: file:///home/themule/.local/share/nvim/lazy/lazy.nvim/lua/lazy/util.lua , size = 5.759 KB
[13:32:25.537][info] [#0:script/workspace/loading.lua:113]: ++++As library of:	file:///home/themule/.local/share/nvim/lazy/lazy.nvim/lua/lazy
[13:32:25.537][info] [#0:script/workspace/loading.lua:98]: Skip loaded file: file:///home/themule/.local/share/nvim/lazy/lazy.nvim/lua/lazy/util.lua
[13:32:25.663][info] [#0:script/workspace/loading.lua:101]: Preload file at: file:///home/themule/.local/share/nvim/lazy/lazy.nvim/lua/lazy/stats.lua , size = 2.068 KB
[13:32:25.666][info] [#0:script/workspace/loading.lua:113]: ++++As library of:	file:///home/themule/.local/share/nvim/lazy/lazy.nvim/lua/lazy
[13:32:25.666][info] [#0:script/workspace/loading.lua:98]: Skip loaded file: file:///home/themule/.local/share/nvim/lazy/lazy.nvim/lua/lazy/stats.lua
[13:32:25.765][info] [#0:script/workspace/loading.lua:101]: Preload file at: file:///home/themule/.local/share/nvim/lazy/lazy.nvim/lua/lazy/example.lua , size = 2.643 KB
[13:32:25.767][info] [#0:script/workspace/loading.lua:113]: ++++As library of:	file:///home/themule/.local/share/nvim/lazy/lazy.nvim/lua/lazy
[13:32:25.767][info] [#0:script/workspace/loading.lua:98]: Skip loaded file: file:///home/themule/.local/share/nvim/lazy/lazy.nvim/lua/lazy/example.lua
[13:32:25.788][info] [#0:script/workspace/loading.lua:101]: Preload file at: file:///home/themule/.local/share/nvim/lazy/lazy.nvim/lua/lazy/help.lua , size = 2.242 KB
[13:32:25.792][info] [#0:script/workspace/loading.lua:113]: ++++As library of:	file:///home/themule/.local/share/nvim/lazy/lazy.nvim/lua/lazy
[13:32:25.792][info] [#0:script/workspace/loading.lua:98]: Skip loaded file: file:///home/themule/.local/share/nvim/lazy/lazy.nvim/lua/lazy/help.lua
[13:32:25.801][info] [#0:script/workspace/loading.lua:101]: Preload file at: file:///home/themule/.local/share/nvim/lazy/lazy.nvim/lua/lazy/types.lua , size = 3.201 KB
[13:32:25.805][info] [#0:script/workspace/loading.lua:113]: ++++As library of:	file:///home/themule/.local/share/nvim/lazy/lazy.nvim/lua/lazy
[13:32:25.805][info] [#0:script/workspace/loading.lua:98]: Skip loaded file: file:///home/themule/.local/share/nvim/lazy/lazy.nvim/lua/lazy/types.lua
[13:32:25.813][info] [#0:script/workspace/loading.lua:101]: Preload file at: file:///home/themule/.local/share/nvim/lazy/lazy.nvim/lua/lazy/docs.lua , size = 4.453 KB
[13:32:25.819][info] [#0:script/workspace/loading.lua:113]: ++++As library of:	file:///home/themule/.local/share/nvim/lazy/lazy.nvim/lua/lazy
[13:32:25.819][info] [#0:script/workspace/loading.lua:98]: Skip loaded file: file:///home/themule/.local/share/nvim/lazy/lazy.nvim/lua/lazy/docs.lua
[13:32:25.831][info] [#0:script/workspace/loading.lua:101]: Preload file at: file:///home/themule/mynvimconfig/nvim-share/nvim/mason/packages/lua-language-server/libexec/meta/Lua%205.4%20en-us%20utf8/string.lua , size = 6.341 KB
[13:32:25.844][info] [#0:script/workspace/loading.lua:113]: ++++As library of:	file:///home/themule/mynvimconfig/nvim-share/nvim/mason/packages/lua-language-server/libexec/meta/Lua%205.4%20en-us%20utf8/string.lua
[13:32:25.845][info] [#0:script/workspace/loading.lua:98]: Skip loaded file: file:///home/themule/mynvimconfig/nvim-share/nvim/mason/packages/lua-language-server/libexec/meta/Lua%205.4%20en-us%20utf8/string.lua
[13:32:25.850][info] [#0:script/workspace/loading.lua:173]: Loaded files takes [2.331] sec: <fallback>
[13:32:25.850][info] [#0:script/workspace/loading.lua:182]: Compile files takes [0.000] sec: <fallback>
[13:32:25.850][info] [#0:script/workspace/loading.lua:183]: Loaded finish:	<fallback>
[13:32:25.850][info] [#0:script/workspace/workspace.lua:381]: Preload finish at:	<fallback>
[13:32:25.882][info] [#0:script/workspace/loading.lua:101]: Preload file at: file:///home/themule/mynvimconfig/nvim-config/nvim/nvim/init.lua , size = 0.500 KB
[13:32:25.884][info] [#0:script/workspace/loading.lua:101]: Preload file at: file:///home/themule/mynvimconfig/nvim-config/nvim/nvim/lua/core/bootstrap.lua , size = 1.805 KB
[13:32:25.886][info] [#0:script/workspace/loading.lua:101]: Preload file at: file:///home/themule/mynvimconfig/nvim-config/nvim/nvim/lua/core/init.lua , size = 3.459 KB
[13:32:25.890][info] [#0:script/workspace/loading.lua:101]: Preload file at: file:///home/themule/mynvimconfig/nvim-config/nvim/nvim/lua/core/mappings.lua , size = 10.286 KB
[13:32:25.907][info] [#0:script/workspace/loading.lua:101]: Preload file at: file:///home/themule/mynvimconfig/nvim-config/nvim/nvim/lua/core/default_config.lua , size = 3.102 KB
[13:32:25.909][info] [#0:script/workspace/loading.lua:101]: Preload file at: file:///home/themule/mynvimconfig/nvim-config/nvim/nvim/lua/core/utils.lua , size = 3.455 KB
[13:32:25.912][info] [#0:script/workspace/loading.lua:101]: Preload file at: file:///home/themule/mynvimconfig/nvim-config/nvim/nvim/lua/plugins/configs/mason.lua , size = 0.581 KB
[13:32:25.913][info] [#0:script/workspace/loading.lua:101]: Preload file at: file:///home/themule/mynvimconfig/nvim-config/nvim/nvim/lua/plugins/configs/lazy_nvim.lua , size = 0.822 KB
[13:32:25.914][info] [#0:script/workspace/loading.lua:101]: Preload file at: file:///home/themule/mynvimconfig/nvim-config/nvim/nvim/lua/plugins/configs/cmp.lua , size = 3.068 KB
[13:32:25.918][info] [#0:script/workspace/loading.lua:101]: Preload file at: file:///home/themule/mynvimconfig/nvim-config/nvim/nvim/lua/plugins/configs/telescope.lua , size = 1.795 KB
[13:32:25.919][info] [#0:script/workspace/loading.lua:101]: Preload file at: file:///home/themule/mynvimconfig/nvim-config/nvim/nvim/lua/plugins/configs/others.lua , size = 1.620 KB
[13:32:25.922][info] [#0:script/workspace/loading.lua:101]: Preload file at: file:///home/themule/mynvimconfig/nvim-config/nvim/nvim/lua/plugins/configs/nvimtree.lua , size = 1.479 KB
[13:32:25.923][info] [#0:script/workspace/loading.lua:101]: Preload file at: file:///home/themule/mynvimconfig/nvim-config/nvim/nvim/lua/plugins/configs/lspconfig.lua , size = 1.739 KB
[13:32:25.925][info] [#0:script/workspace/loading.lua:101]: Preload file at: file:///home/themule/mynvimconfig/nvim-config/nvim/nvim/lua/plugins/configs/treesitter.lua , size = 0.165 KB
[13:32:25.926][info] [#0:script/workspace/loading.lua:101]: Preload file at: file:///home/themule/mynvimconfig/nvim-config/nvim/init.lua , size = 0.732 KB
[13:32:25.928][info] [#0:script/workspace/loading.lua:101]: Preload file at: file:///home/themule/mynvimconfig/nvim-config/nvim/nvim/lua/plugins/init.lua , size = 7.229 KB
[13:32:25.934][info] [#0:script/workspace/loading.lua:101]: Preload file at: file:///home/themule/mynvimconfig/nvim-config/nvim/lua/core/bootstrap.lua , size = 1.805 KB
[13:32:25.937][info] [#0:script/workspace/loading.lua:101]: Preload file at: file:///home/themule/mynvimconfig/nvim-config/nvim/lua/core/mappings.lua , size = 10.286 KB
[13:32:25.945][info] [#0:script/workspace/loading.lua:101]: Preload file at: file:///home/themule/mynvimconfig/nvim-config/nvim/lua/core/init.lua , size = 3.459 KB
[13:32:25.961][info] [#0:script/workspace/loading.lua:101]: Preload file at: file:///home/themule/mynvimconfig/nvim-config/nvim/lua/core/utils.lua , size = 3.455 KB
[13:32:25.968][info] [#0:script/workspace/loading.lua:101]: Preload file at: file:///home/themule/mynvimconfig/nvim-config/nvim/lua/core/default_config.lua , size = 3.115 KB
[13:32:25.969][info] [#0:script/workspace/loading.lua:101]: Preload file at: file:///home/themule/mynvimconfig/nvim-config/nvim/lua/plugins/configs/lazy_nvim.lua , size = 0.822 KB
[13:32:25.996][info] [#0:script/workspace/loading.lua:101]: Preload file at: file:///home/themule/mynvimconfig/nvim-config/nvim/lua/plugins/configs/mason.lua , size = 0.581 KB
[13:32:26.033][info] [#0:script/workspace/loading.lua:101]: Preload file at: file:///home/themule/mynvimconfig/nvim-config/nvim/lua/plugins/configs/cmp.lua , size = 3.068 KB
[13:32:26.060][info] [#0:script/workspace/loading.lua:101]: Preload file at: file:///home/themule/mynvimconfig/nvim-config/nvim/lua/plugins/configs/telescope.lua , size = 1.795 KB
[13:32:26.096][info] [#0:script/workspace/loading.lua:101]: Preload file at: file:///home/themule/mynvimconfig/nvim-config/nvim/lua/plugins/configs/others.lua , size = 1.620 KB
[13:32:26.121][info] [#0:script/workspace/loading.lua:101]: Preload file at: file:///home/themule/mynvimconfig/nvim-config/nvim/lua/plugins/configs/nvimtree.lua , size = 1.479 KB
[13:32:26.158][info] [#0:script/workspace/loading.lua:101]: Preload file at: file:///home/themule/mynvimconfig/nvim-config/nvim/lua/plugins/configs/lspconfig.lua , size = 1.739 KB
[13:32:26.184][info] [#0:script/workspace/loading.lua:101]: Preload file at: file:///home/themule/mynvimconfig/nvim-config/nvim/lua/plugins/configs/treesitter.lua , size = 0.165 KB
[13:32:26.364][info] [#0:script/workspace/loading.lua:101]: Preload file at: file:///home/themule/mynvimconfig/nvim-config/nvim/lua/plugins/init.lua , size = 7.229 KB
[13:32:26.517][info] [#0:script/workspace/loading.lua:173]: Loaded files takes [2.955] sec: file:///home/themule/mynvimconfig/nvim-config/nvim
[13:32:26.517][info] [#0:script/workspace/loading.lua:182]: Compile files takes [0.000] sec: file:///home/themule/mynvimconfig/nvim-config/nvim
[13:32:26.517][info] [#0:script/workspace/loading.lua:183]: Loaded finish:	file:///home/themule/mynvimconfig/nvim-config/nvim
[13:32:26.517][info] [#0:script/workspace/workspace.lua:381]: Preload finish at:	file:///home/themule/mynvimconfig/nvim-config/nvim
[13:32:26.562][info] [#0:script/provider/diagnostic.lua:557]: Diagnostics scope [file:///home/themule/mynvimconfig/nvim-config/nvim], files count:[140]
[13:32:26.565][warn] [#0:script/proto/proto.lua:187]: Method [textDocument/didOpen] takes [3.130]sec. {
  jsonrpc = "2.0",
  method = "textDocument/didOpen",
  params = {
    textDocument = {
      languageId = "lua",
      text = '"***"',
      uri = "file:///home/themule/mynvimconfig/nvim-config/nvim/lua/custom/mappings.lua",
      version = 0
    }
  }
}
[13:32:27.225][warn] [#0:script/core/diagnostics/init.lua:136]: Diagnostics [deprecated] @ [file:///home/themule/mynvimconfig/nvim-config/nvim/lua/core/bootstrap.lua] takes [0.587] sec!
[13:32:27.858][info] [#0:script/provider/diagnostic.lua:574]: Diagnostics scope [file:///home/themule/mynvimconfig/nvim-config/nvim] finished, takes [1.232] sec.
[13:34:44.512][info] [#0:script/provider/provider.lua:169]: Server shutdown.
[13:34:44.513][warn] [#0:script/pub/report.lua:25]: Load proto error:	Disconnected!
